Using pre-set license
Built from '2020.3/staging' branch; Version is '2020.3.30f1 (1fb1bf06830e) revision 2077119'; Using compiler version '192528614'; Build Type 'Release'
OS: 'Windows 10  (10.0.19043) 64bit CoreSingleLanguage' Language: 'ru' Physical Memory: 11663 MB
BatchMode: 1, IsHumanControllingUs: 0, StartBugReporterOnCrash: 0, Is64bit: 1, IsPro: 0

COMMAND LINE ARGUMENTS:
C:\Program Files\Unity\Hub\Editor\2020.3.30f1\Editor\Unity.exe
-adb2
-batchMode
-noUpm
-name
AssetImportWorker2
-projectPath
C:/unityC/GB/StrategyFP/StrategyFP
-logFile
Logs/AssetImportWorker2.log
-srvPort
50509
Successfully changed project path to: C:/unityC/GB/StrategyFP/StrategyFP
C:/unityC/GB/StrategyFP/StrategyFP
Using Asset Import Pipeline V2.
Refreshing native plugins compatible for Editor in 250.25 ms, found 2 plugins.
Preloading 0 native plugins for Editor in 0.00 ms.
Initialize engine version: 2020.3.30f1 (1fb1bf06830e)
[Subsystems] Discovering subsystems at path C:/Program Files/Unity/Hub/Editor/2020.3.30f1/Editor/Data/Resources/UnitySubsystems
[Subsystems] Discovering subsystems at path C:/unityC/GB/StrategyFP/StrategyFP/Assets
GfxDevice: creating device client; threaded=0
Direct3D:
    Version:  Direct3D 11.0 [level 11.1]
    Renderer: AMD Radeon R5 Graphics (ID=0x9874)
    Vendor:   
    VRAM:     5831 MB
    Driver:   27.20.1034.6
Initialize mono
Mono path[0] = 'C:/Program Files/Unity/Hub/Editor/2020.3.30f1/Editor/Data/Managed'
Mono path[1] = 'C:/Program Files/Unity/Hub/Editor/2020.3.30f1/Editor/Data/MonoBleedingEdge/lib/mono/unityjit'
Mono config path = 'C:/Program Files/Unity/Hub/Editor/2020.3.30f1/Editor/Data/MonoBleedingEdge/etc'
Using monoOptions --debugger-agent=transport=dt_socket,embedding=1,server=y,suspend=n,address=127.0.0.1:56216
Begin MonoManager ReloadAssembly
Registering precompiled unity dll's ...
Register platform support module: C:/Program Files/Unity/Hub/Editor/2020.3.30f1/Editor/Data/PlaybackEngines/MacStandaloneSupport/UnityEditor.OSXStandalone.Extensions.dll
Register platform support module: C:/Program Files/Unity/Hub/Editor/2020.3.30f1/Editor/Data/PlaybackEngines/WindowsStandaloneSupport/UnityEditor.WindowsStandalone.Extensions.dll
Register platform support module: C:/Program Files/Unity/Hub/Editor/2020.3.30f1/Editor/Data/PlaybackEngines/LinuxStandaloneSupport/UnityEditor.LinuxStandalone.Extensions.dll
Registered in 0.020767 seconds.
Native extension for LinuxStandalone target not found
Native extension for WindowsStandalone target not found
Native extension for OSXStandalone target not found
Refreshing native plugins compatible for Editor in 2723.66 ms, found 2 plugins.
Preloading 0 native plugins for Editor in 0.00 ms.
Mono: successfully reloaded assembly
- Completed reload, in  7.000 seconds
Domain Reload Profiling:
	ReloadAssembly (7003ms)
		BeginReloadAssembly (380ms)
			ExecutionOrderSort (0ms)
			DisableScriptedObjects (0ms)
			BackupInstance (0ms)
			ReleaseScriptingObjects (0ms)
			CreateAndSetChildDomain (2ms)
		EndReloadAssembly (6154ms)
			LoadAssemblies (375ms)
			RebuildTransferFunctionScriptingTraits (0ms)
			SetupTypeCache (913ms)
			ReleaseScriptCaches (0ms)
			RebuildScriptCaches (207ms)
			SetupLoadedEditorAssemblies (4392ms)
				LogAssemblyErrors (0ms)
				InitializePlatformSupportModulesInManaged (43ms)
				SetLoadedEditorAssemblies (8ms)
				RefreshPlugins (2725ms)
				BeforeProcessingInitializeOnLoad (247ms)
				ProcessInitializeOnLoadAttributes (844ms)
				ProcessInitializeOnLoadMethodAttributes (523ms)
				AfterProcessingInitializeOnLoad (0ms)
				EditorAssembliesLoaded (2ms)
			ExecutionOrderSort2 (0ms)
			AwakeInstancesAfterBackupRestoration (0ms)
Platform modules already initialized, skipping
Registering precompiled user dll's ...
Registered in 0.052064 seconds.
Begin MonoManager ReloadAssembly
Native extension for LinuxStandalone target not found
Native extension for WindowsStandalone target not found
Native extension for OSXStandalone target not found
Refreshing native plugins compatible for Editor in 1.33 ms, found 2 plugins.
Preloading 0 native plugins for Editor in 0.00 ms.
Mono: successfully reloaded assembly
- Completed reload, in  6.037 seconds
Domain Reload Profiling:
	ReloadAssembly (6038ms)
		BeginReloadAssembly (535ms)
			ExecutionOrderSort (0ms)
			DisableScriptedObjects (16ms)
			BackupInstance (0ms)
			ReleaseScriptingObjects (0ms)
			CreateAndSetChildDomain (58ms)
		EndReloadAssembly (5280ms)
			LoadAssemblies (1057ms)
			RebuildTransferFunctionScriptingTraits (0ms)
			SetupTypeCache (1411ms)
			ReleaseScriptCaches (1ms)
			RebuildScriptCaches (206ms)
			SetupLoadedEditorAssemblies (2389ms)
				LogAssemblyErrors (0ms)
				InitializePlatformSupportModulesInManaged (31ms)
				SetLoadedEditorAssemblies (2ms)
				RefreshPlugins (2ms)
				BeforeProcessingInitializeOnLoad (380ms)
				ProcessInitializeOnLoadAttributes (1821ms)
				ProcessInitializeOnLoadMethodAttributes (71ms)
				AfterProcessingInitializeOnLoad (81ms)
				EditorAssembliesLoaded (1ms)
			ExecutionOrderSort2 (0ms)
			AwakeInstancesAfterBackupRestoration (21ms)
Platform modules already initialized, skipping
========================================================================
Worker process is ready to serve import requests
Launched and connected shader compiler UnityShaderCompiler.exe after 0.25 seconds
Refreshing native plugins compatible for Editor in 2.35 ms, found 2 plugins.
Preloading 0 native plugins for Editor in 0.00 ms.
Unloading 2217 Unused Serialized files (Serialized files now loaded: 0)
System memory in use before: 96.3 MB.
System memory in use after: 96.4 MB.

Unloading 21 unused Assets to reduce memory usage. Loaded Objects now: 2649.
Total: 14.075300 ms (FindLiveObjects: 0.954200 ms CreateObjectMapping: 0.318400 ms MarkObjects: 12.381200 ms  DeleteObjects: 0.415600 ms)

AssetImportParameters requested are different than current active one (requested -> active):
  custom:framework-win-MediaFoundation: 216162199b28c13a410421893ffa2e32 -> 
  custom:video-decoder-ogg-theora: a1e56fd34408186e4bbccfd4996cb3dc -> 
  custom:container-muxer-webm: aa71ff27fc2769a1b78a27578f13a17b -> 
  custom:container-demuxer-webm: 4f35f7cbe854078d1ac9338744f61a02 -> 
  custom:container-demuxer-ogg: 62fdf1f143b41e24485cea50d1cbac27 -> 
  custom:video-encoder-webm-vp8: eb34c28f22e8b96e1ab97ce403110664 -> 
  custom:video-decoder-webm-vp8: 9c59270c3fd7afecdb556c50c9e8de78 -> 
  custom:audio-decoder-ogg-vorbis: bf7c407c2cedff20999df2af8eb42d56 -> 
  custom:audio-encoder-webm-vorbis: bf7c407c2cedff20999df2af8eb42d56 -> 
========================================================================
Received Import Request.
  path: Assets/Scripts/UserControlSystem/UI/Model/UIModelInstaller.cs
  artifactKey: Guid(b99c41e13e5d4bc69af2196d211358b8) Importer(815301076,1909f56bfc062723c751e8b465ee728b)
Start importing Assets/Scripts/UserControlSystem/UI/Model/UIModelInstaller.cs using Guid(b99c41e13e5d4bc69af2196d211358b8) Importer(815301076,1909f56bfc062723c751e8b465ee728b)  -> (artifact id: 'a65d47ec842e3d7658077a15005bc612') in 0.109884 seconds 
========================================================================
Received Import Request.
  Time since last request: 49.866555 seconds.
  path: Packages/com.unity.services.core/Editor/Core/Unity.Services.Core.Editor.asmdef
  artifactKey: Guid(1c66728ad60364b82bf095d383b87458) Importer(815301076,1909f56bfc062723c751e8b465ee728b)
Start importing Packages/com.unity.services.core/Editor/Core/Unity.Services.Core.Editor.asmdef using Guid(1c66728ad60364b82bf095d383b87458) Importer(815301076,1909f56bfc062723c751e8b465ee728b)  -> (artifact id: '72b00c2eb525580fdabee632ffa3acec') in 0.260769 seconds 
========================================================================
Received Import Request.
  Time since last request: 0.000683 seconds.
  path: Packages/com.unity.sysroot.linux-x86_64/Tests/Editor/Unity.Sysroot.Linux-x86_64.EditorTests.asmdef
  artifactKey: Guid(1ac444c25ae4642a2b37c1c9156d384f) Importer(815301076,1909f56bfc062723c751e8b465ee728b)
Start importing Packages/com.unity.sysroot.linux-x86_64/Tests/Editor/Unity.Sysroot.Linux-x86_64.EditorTests.asmdef using Guid(1ac444c25ae4642a2b37c1c9156d384f) Importer(815301076,1909f56bfc062723c751e8b465ee728b)  -> (artifact id: 'c4ab6b22b062b60a1f7ae5d2edd84876') in 0.082432 seconds 
========================================================================
Received Import Request.
  Time since last request: 0.000872 seconds.
  path: Packages/com.unity.sysroot/Editor/Unity.SysrootPackage.Editor.asmdef
  artifactKey: Guid(435a4e0ece4e23c4882730a295bbd8cd) Importer(815301076,1909f56bfc062723c751e8b465ee728b)
Start importing Packages/com.unity.sysroot/Editor/Unity.SysrootPackage.Editor.asmdef using Guid(435a4e0ece4e23c4882730a295bbd8cd) Importer(815301076,1909f56bfc062723c751e8b465ee728b)  -> (artifact id: '799ea7451e1b40d036dadb0ab76af7ed') in 0.017672 seconds 
========================================================================
Received Import Request.
  Time since last request: 0.000228 seconds.
  path: Assets/Packages/Plugins/Zenject/OptionalExtras/ReflectionBaking/Zenject-ReflectionBaking-Editor.asmdef
  artifactKey: Guid(14f8b558cd941e545961d1d8d31254f0) Importer(815301076,1909f56bfc062723c751e8b465ee728b)
Start importing Assets/Packages/Plugins/Zenject/OptionalExtras/ReflectionBaking/Zenject-ReflectionBaking-Editor.asmdef using Guid(14f8b558cd941e545961d1d8d31254f0) Importer(815301076,1909f56bfc062723c751e8b465ee728b)  -> (artifact id: '251729d3ead6160bfef89df3f39b1cde') in 0.206787 seconds 
========================================================================
Received Import Request.
  Time since last request: 0.000742 seconds.
  path: Packages/com.unity.sysroot/Tests/Editor/Unity.Sysroot.EditorTests.asmdef
  artifactKey: Guid(4b746f9393832b79384ac03cddf8eb94) Importer(815301076,1909f56bfc062723c751e8b465ee728b)
Start importing Packages/com.unity.sysroot/Tests/Editor/Unity.Sysroot.EditorTests.asmdef using Guid(4b746f9393832b79384ac03cddf8eb94) Importer(815301076,1909f56bfc062723c751e8b465ee728b)  -> (artifact id: '75d2609a71b6883babfb43ea14d0ff5c') in 0.140727 seconds 
========================================================================
Received Import Request.
  Time since last request: 0.000702 seconds.
  path: Packages/com.unity.timeline/Runtime/Unity.Timeline.asmdef
  artifactKey: Guid(f06555f75b070af458a003d92f9efb00) Importer(815301076,1909f56bfc062723c751e8b465ee728b)
Start importing Packages/com.unity.timeline/Runtime/Unity.Timeline.asmdef using Guid(f06555f75b070af458a003d92f9efb00) Importer(815301076,1909f56bfc062723c751e8b465ee728b)  -> (artifact id: '255ca2d5cf5f573a02598654c649f01b') in 0.170844 seconds 
========================================================================
Received Import Request.
  Time since last request: 0.001950 seconds.
  path: Packages/com.unity.toolchain.win-x86_64-linux-x86_64/Tests/Editor/Unity.Toolchain.Win-x86_64-Linux-x86_64.EditorTests.asmdef
  artifactKey: Guid(8d9d6e39e8738fafebfe2e89f3288703) Importer(815301076,1909f56bfc062723c751e8b465ee728b)
Start importing Packages/com.unity.toolchain.win-x86_64-linux-x86_64/Tests/Editor/Unity.Toolchain.Win-x86_64-Linux-x86_64.EditorTests.asmdef using Guid(8d9d6e39e8738fafebfe2e89f3288703) Importer(815301076,1909f56bfc062723c751e8b465ee728b)  -> (artifact id: 'cbef4aa3471d7dd573542aafb51e2746') in 0.177250 seconds 
========================================================================
Received Import Request.
  Time since last request: 6.854922 seconds.
  path: Assets/Scripts/UserControlSystem/UI/Model/Model.asmdef
  artifactKey: Guid(9ce26035fa123f545bf380d41efe8769) Importer(815301076,1909f56bfc062723c751e8b465ee728b)
Start importing Assets/Scripts/UserControlSystem/UI/Model/Model.asmdef using Guid(9ce26035fa123f545bf380d41efe8769) Importer(815301076,1909f56bfc062723c751e8b465ee728b)  -> (artifact id: 'a7c88cc60c516eec4d295040634331b0') in 0.046454 seconds 
========================================================================
Received Import Request.
  Time since last request: 249.254033 seconds.
  path: Assets/Scripts/UserControlSystem/UI/Model/CommandCreator/PatrolCommandCommandCreator.cs
  artifactKey: Guid(216ec8809c3b46cd9370d28d3af4699b) Importer(815301076,1909f56bfc062723c751e8b465ee728b)
Start importing Assets/Scripts/UserControlSystem/UI/Model/CommandCreator/PatrolCommandCommandCreator.cs using Guid(216ec8809c3b46cd9370d28d3af4699b) Importer(815301076,1909f56bfc062723c751e8b465ee728b)  -> (artifact id: '168e0698de5fc0cbcdd72208db996390') in 0.059707 seconds 
========================================================================
Received Import Request.
  Time since last request: 923.122615 seconds.
  path: Assets/Packages/Plugins/Zenject/Source/Runtime/SceneContextRegistryAdderAndRemover.cs
  artifactKey: Guid(b13656f05675c384181e749264e6bcf9) Importer(815301076,1909f56bfc062723c751e8b465ee728b)
Start importing Assets/Packages/Plugins/Zenject/Source/Runtime/SceneContextRegistryAdderAndRemover.cs using Guid(b13656f05675c384181e749264e6bcf9) Importer(815301076,1909f56bfc062723c751e8b465ee728b)  -> (artifact id: 'be526f4b68382b4ced5c5cabe15baecd') in 0.053057 seconds 
========================================================================
Received Import Request.
  Time since last request: 728.153316 seconds.
  path: Assets/Scripts/UserControlSystem/CommandsRealization/AttackCommand.cs
  artifactKey: Guid(ff938ea3d94a42238416c666d343fe52) Importer(815301076,1909f56bfc062723c751e8b465ee728b)
Start importing Assets/Scripts/UserControlSystem/CommandsRealization/AttackCommand.cs using Guid(ff938ea3d94a42238416c666d343fe52) Importer(815301076,1909f56bfc062723c751e8b465ee728b)  -> (artifact id: '1a3d1edeb9c1efb62406ed05e3344921') in 0.035119 seconds 
========================================================================
Received Import Request.
  Time since last request: 58.120300 seconds.
  path: Assets/Scripts/Abstractions/Commands/CommandsInterfaces/IAttackabl.cs
  artifactKey: Guid(8c9b8247cff4aff4cb4225a4745db668) Importer(815301076,1909f56bfc062723c751e8b465ee728b)
Start importing Assets/Scripts/Abstractions/Commands/CommandsInterfaces/IAttackabl.cs using Guid(8c9b8247cff4aff4cb4225a4745db668) Importer(815301076,1909f56bfc062723c751e8b465ee728b)  -> (artifact id: '2ae553778d0024cb7d270753ef2734cf') in 0.019075 seconds 
========================================================================
Received Import Request.
  Time since last request: 24.872654 seconds.
  path: Assets/Scripts/Abstractions/Commands/CommandsInterfaces/IAttackabl.cs
  artifactKey: Guid(8c9b8247cff4aff4cb4225a4745db668) Importer(815301076,1909f56bfc062723c751e8b465ee728b)
Start importing Assets/Scripts/Abstractions/Commands/CommandsInterfaces/IAttackabl.cs using Guid(8c9b8247cff4aff4cb4225a4745db668) Importer(815301076,1909f56bfc062723c751e8b465ee728b)  -> (artifact id: 'c9b8db5ae9c91cbb59283ff69e0802d7') in 0.037988 seconds 
========================================================================
Received Import Request.
  Time since last request: 205.414864 seconds.
  path: Assets/Scripts/Abstractions/Commands/CommandsInterfaces/IAttackCommand.cs
  artifactKey: Guid(4a110055011d4db68b648a8893517f27) Importer(815301076,1909f56bfc062723c751e8b465ee728b)
Start importing Assets/Scripts/Abstractions/Commands/CommandsInterfaces/IAttackCommand.cs using Guid(4a110055011d4db68b648a8893517f27) Importer(815301076,1909f56bfc062723c751e8b465ee728b)  -> (artifact id: '876037aac522147d5745d47ca2ca8ab2') in 0.209239 seconds 
========================================================================
Received Import Request.
  Time since last request: 56.024094 seconds.
  path: Assets/Scripts/Abstractions/Commands/CommandsInterfaces/IAttackCommand.cs
  artifactKey: Guid(4a110055011d4db68b648a8893517f27) Importer(815301076,1909f56bfc062723c751e8b465ee728b)
Start importing Assets/Scripts/Abstractions/Commands/CommandsInterfaces/IAttackCommand.cs using Guid(4a110055011d4db68b648a8893517f27) Importer(815301076,1909f56bfc062723c751e8b465ee728b)  -> (artifact id: '72219d7f6156e650dc8107720dd681e1') in 0.027554 seconds 
========================================================================
Received Import Request.
  Time since last request: 225.811571 seconds.
  path: Assets/Scripts/Abstractions/Commands
  artifactKey: Guid(d883049a7fb94d22ac6f7c25a91573fc) Importer(815301076,1909f56bfc062723c751e8b465ee728b)
Start importing Assets/Scripts/Abstractions/Commands using Guid(d883049a7fb94d22ac6f7c25a91573fc) Importer(815301076,1909f56bfc062723c751e8b465ee728b)  -> (artifact id: '1bf3b87e4e95217d4b7a858ec55b313b') in 0.035346 seconds 
========================================================================
Received Import Request.
  Time since last request: 2.921672 seconds.
  path: Assets/Scripts/Abstractions/Commands/CommandExecutors
  artifactKey: Guid(94ae1c80795869445ad2ca4a4a48f3f7) Importer(815301076,1909f56bfc062723c751e8b465ee728b)
Start importing Assets/Scripts/Abstractions/Commands/CommandExecutors using Guid(94ae1c80795869445ad2ca4a4a48f3f7) Importer(815301076,1909f56bfc062723c751e8b465ee728b)  -> (artifact id: '65b69841ef5044b213e09b1ce9f26bed') in 0.037690 seconds 
========================================================================
Received Import Request.
  Time since last request: 3.914650 seconds.
  path: Assets/Scripts/Abstractions/Commands/CommandsInterfaces
  artifactKey: Guid(8e884dbc37ff4f749fe31c4db9cc0086) Importer(815301076,1909f56bfc062723c751e8b465ee728b)
Start importing Assets/Scripts/Abstractions/Commands/CommandsInterfaces using Guid(8e884dbc37ff4f749fe31c4db9cc0086) Importer(815301076,1909f56bfc062723c751e8b465ee728b)  -> (artifact id: '2aefd9be893f49b74e74704ec37fe07d') in 0.027420 seconds 
========================================================================
Received Import Request.
  Time since last request: 13.161787 seconds.
  path: Assets/Scripts/Abstractions/ISelectable.cs
  artifactKey: Guid(16e056458dfd4789b9596f160b58b1d3) Importer(815301076,1909f56bfc062723c751e8b465ee728b)
Start importing Assets/Scripts/Abstractions/ISelectable.cs using Guid(16e056458dfd4789b9596f160b58b1d3) Importer(815301076,1909f56bfc062723c751e8b465ee728b)  -> (artifact id: '76bd5c9dde204c0e7c5059e475da2e01') in 0.037533 seconds 
========================================================================
Received Import Request.
  Time since last request: 103.180509 seconds.
  path: Assets/Scripts/Abstractions/ISelectable.cs
  artifactKey: Guid(16e056458dfd4789b9596f160b58b1d3) Importer(815301076,1909f56bfc062723c751e8b465ee728b)
Start importing Assets/Scripts/Abstractions/ISelectable.cs using Guid(16e056458dfd4789b9596f160b58b1d3) Importer(815301076,1909f56bfc062723c751e8b465ee728b)  -> (artifact id: '45323f3e710963795c1dae4946498857') in 0.197281 seconds 
========================================================================
Received Import Request.
  Time since last request: 51.143391 seconds.
  path: Assets/Scripts/Core/MainBuilding.cs
  artifactKey: Guid(14e01563d37a23f4e9bae517fb3e14dd) Importer(815301076,1909f56bfc062723c751e8b465ee728b)
Start importing Assets/Scripts/Core/MainBuilding.cs using Guid(14e01563d37a23f4e9bae517fb3e14dd) Importer(815301076,1909f56bfc062723c751e8b465ee728b)  -> (artifact id: '595df038511ec43a068e18f8d39e803e') in 0.015831 seconds 
========================================================================
Received Import Request.
  Time since last request: 106.645785 seconds.
  path: Assets/Scripts/Core/MainBuilding.cs
  artifactKey: Guid(14e01563d37a23f4e9bae517fb3e14dd) Importer(815301076,1909f56bfc062723c751e8b465ee728b)
Start importing Assets/Scripts/Core/MainBuilding.cs using Guid(14e01563d37a23f4e9bae517fb3e14dd) Importer(815301076,1909f56bfc062723c751e8b465ee728b)  -> (artifact id: 'cbd3d3314b2ec4f4cb13e382c27332dd') in 0.047504 seconds 
========================================================================
Received Import Request.
  Time since last request: 39.000752 seconds.
  path: Assets/Scripts/Core/MainBuilding.cs
  artifactKey: Guid(14e01563d37a23f4e9bae517fb3e14dd) Importer(815301076,1909f56bfc062723c751e8b465ee728b)
Start importing Assets/Scripts/Core/MainBuilding.cs using Guid(14e01563d37a23f4e9bae517fb3e14dd) Importer(815301076,1909f56bfc062723c751e8b465ee728b)  -> (artifact id: 'c9a33886062a2b69d3bfecfabfc4a171') in 0.108299 seconds 
========================================================================
Received Import Request.
  Time since last request: 44.332387 seconds.
  path: Assets/Scripts/Core/MainBuilding.cs
  artifactKey: Guid(14e01563d37a23f4e9bae517fb3e14dd) Importer(815301076,1909f56bfc062723c751e8b465ee728b)
Start importing Assets/Scripts/Core/MainBuilding.cs using Guid(14e01563d37a23f4e9bae517fb3e14dd) Importer(815301076,1909f56bfc062723c751e8b465ee728b)  -> (artifact id: '4300484ab009bade6f9dd7c57c205aff') in 0.239264 seconds 
========================================================================
Received Import Request.
  Time since last request: 4.969226 seconds.
  path: Assets/Scripts/Core/MainBuilding.cs
  artifactKey: Guid(14e01563d37a23f4e9bae517fb3e14dd) Importer(815301076,1909f56bfc062723c751e8b465ee728b)
Start importing Assets/Scripts/Core/MainBuilding.cs using Guid(14e01563d37a23f4e9bae517fb3e14dd) Importer(815301076,1909f56bfc062723c751e8b465ee728b)  -> (artifact id: 'ac90bc8fba60cee21b60a85aee97f589') in 0.108327 seconds 
========================================================================
Received Import Request.
  Time since last request: 527.841708 seconds.
  path: Assets/Scripts/Abstractions/ScriptableObjectValueBase.cs
  artifactKey: Guid(cfed869165ae46c3af5394d25e628944) Importer(815301076,1909f56bfc062723c751e8b465ee728b)
Start importing Assets/Scripts/Abstractions/ScriptableObjectValueBase.cs using Guid(cfed869165ae46c3af5394d25e628944) Importer(815301076,1909f56bfc062723c751e8b465ee728b)  -> (artifact id: '08f745c0d7421fe46937712256748c3e') in 0.030578 seconds 
========================================================================
Received Import Request.
  Time since last request: 59.273776 seconds.
  path: Assets/Scripts/Abstractions/ScriptableObjectValueBase.cs
  artifactKey: Guid(cfed869165ae46c3af5394d25e628944) Importer(815301076,1909f56bfc062723c751e8b465ee728b)
Start importing Assets/Scripts/Abstractions/ScriptableObjectValueBase.cs using Guid(cfed869165ae46c3af5394d25e628944) Importer(815301076,1909f56bfc062723c751e8b465ee728b)  -> (artifact id: '2fd6d12b7f95a1450c119b0542361939') in 0.030649 seconds 
========================================================================
Received Prepare
Registering precompiled user dll's ...
Registered in 0.034367 seconds.
Begin MonoManager ReloadAssembly
Native extension for LinuxStandalone target not found
Native extension for WindowsStandalone target not found
Native extension for OSXStandalone target not found
Refreshing native plugins compatible for Editor in 1.54 ms, found 2 plugins.
Preloading 0 native plugins for Editor in 0.00 ms.
Mono: successfully reloaded assembly
- Completed reload, in  7.672 seconds
Domain Reload Profiling:
	ReloadAssembly (7679ms)
		BeginReloadAssembly (1375ms)
			ExecutionOrderSort (0ms)
			DisableScriptedObjects (37ms)
			BackupInstance (0ms)
			ReleaseScriptingObjects (0ms)
			CreateAndSetChildDomain (330ms)
		EndReloadAssembly (5937ms)
			LoadAssemblies (1346ms)
			RebuildTransferFunctionScriptingTraits (1ms)
			SetupTypeCache (3271ms)
			ReleaseScriptCaches (3ms)
			RebuildScriptCaches (206ms)
			SetupLoadedEditorAssemblies (1304ms)
				LogAssemblyErrors (0ms)
				InitializePlatformSupportModulesInManaged (36ms)
				SetLoadedEditorAssemblies (2ms)
				RefreshPlugins (2ms)
				BeforeProcessingInitializeOnLoad (356ms)
				ProcessInitializeOnLoadAttributes (832ms)
				ProcessInitializeOnLoadMethodAttributes (40ms)
				AfterProcessingInitializeOnLoad (34ms)
				EditorAssembliesLoaded (1ms)
			ExecutionOrderSort2 (0ms)
			AwakeInstancesAfterBackupRestoration (30ms)
Platform modules already initialized, skipping
Refreshing native plugins compatible for Editor in 1.40 ms, found 2 plugins.
Preloading 0 native plugins for Editor in 0.00 ms.
Unloading 2184 Unused Serialized files (Serialized files now loaded: 0)
System memory in use before: 93.4 MB.
System memory in use after: 93.5 MB.

Unloading 16 unused Assets to reduce memory usage. Loaded Objects now: 2653.
Total: 8.996100 ms (FindLiveObjects: 1.007300 ms CreateObjectMapping: 0.419300 ms MarkObjects: 7.491500 ms  DeleteObjects: 0.074500 ms)

AssetImportParameters requested are different than current active one (requested -> active):
  custom:framework-win-MediaFoundation: 216162199b28c13a410421893ffa2e32 -> 
  custom:video-decoder-ogg-theora: a1e56fd34408186e4bbccfd4996cb3dc -> 
  custom:container-muxer-webm: aa71ff27fc2769a1b78a27578f13a17b -> 
  custom:container-demuxer-webm: 4f35f7cbe854078d1ac9338744f61a02 -> 
  custom:container-demuxer-ogg: 62fdf1f143b41e24485cea50d1cbac27 -> 
  custom:video-encoder-webm-vp8: eb34c28f22e8b96e1ab97ce403110664 -> 
  custom:video-decoder-webm-vp8: 9c59270c3fd7afecdb556c50c9e8de78 -> 
  custom:audio-decoder-ogg-vorbis: bf7c407c2cedff20999df2af8eb42d56 -> 
  custom:audio-encoder-webm-vorbis: bf7c407c2cedff20999df2af8eb42d56 -> 
========================================================================
Received Prepare
Registering precompiled user dll's ...
Registered in 0.020879 seconds.
Begin MonoManager ReloadAssembly
Native extension for LinuxStandalone target not found
Native extension for WindowsStandalone target not found
Native extension for OSXStandalone target not found
Refreshing native plugins compatible for Editor in 4.68 ms, found 2 plugins.
Preloading 0 native plugins for Editor in 0.00 ms.
Mono: successfully reloaded assembly
- Completed reload, in  8.996 seconds
Domain Reload Profiling:
	ReloadAssembly (9000ms)
		BeginReloadAssembly (555ms)
			ExecutionOrderSort (0ms)
			DisableScriptedObjects (39ms)
			BackupInstance (0ms)
			ReleaseScriptingObjects (0ms)
			CreateAndSetChildDomain (215ms)
		EndReloadAssembly (8203ms)
			LoadAssemblies (412ms)
			RebuildTransferFunctionScriptingTraits (0ms)
			SetupTypeCache (2913ms)
			ReleaseScriptCaches (14ms)
			RebuildScriptCaches (556ms)
			SetupLoadedEditorAssemblies (2496ms)
				LogAssemblyErrors (0ms)
				InitializePlatformSupportModulesInManaged (110ms)
				SetLoadedEditorAssemblies (5ms)
				RefreshPlugins (5ms)
				BeforeProcessingInitializeOnLoad (1228ms)
				ProcessInitializeOnLoadAttributes (1096ms)
				ProcessInitializeOnLoadMethodAttributes (27ms)
				AfterProcessingInitializeOnLoad (23ms)
				EditorAssembliesLoaded (1ms)
			ExecutionOrderSort2 (0ms)
			AwakeInstancesAfterBackupRestoration (21ms)
Platform modules already initialized, skipping
Refreshing native plugins compatible for Editor in 2.14 ms, found 2 plugins.
Preloading 0 native plugins for Editor in 0.00 ms.
Unloading 2184 Unused Serialized files (Serialized files now loaded: 0)
System memory in use before: 93.4 MB.
System memory in use after: 93.6 MB.

Unloading 16 unused Assets to reduce memory usage. Loaded Objects now: 2655.
Total: 7.251700 ms (FindLiveObjects: 0.459800 ms CreateObjectMapping: 0.201800 ms MarkObjects: 6.494100 ms  DeleteObjects: 0.093100 ms)

AssetImportParameters requested are different than current active one (requested -> active):
  custom:framework-win-MediaFoundation: 216162199b28c13a410421893ffa2e32 -> 
  custom:video-decoder-ogg-theora: a1e56fd34408186e4bbccfd4996cb3dc -> 
  custom:container-muxer-webm: aa71ff27fc2769a1b78a27578f13a17b -> 
  custom:container-demuxer-webm: 4f35f7cbe854078d1ac9338744f61a02 -> 
  custom:container-demuxer-ogg: 62fdf1f143b41e24485cea50d1cbac27 -> 
  custom:video-encoder-webm-vp8: eb34c28f22e8b96e1ab97ce403110664 -> 
  custom:video-decoder-webm-vp8: 9c59270c3fd7afecdb556c50c9e8de78 -> 
  custom:audio-decoder-ogg-vorbis: bf7c407c2cedff20999df2af8eb42d56 -> 
  custom:audio-encoder-webm-vorbis: bf7c407c2cedff20999df2af8eb42d56 -> 
========================================================================
Received Import Request.
  Time since last request: 614.467478 seconds.
  path: Assets/Packages/3D Game Kit - Character Pack/Characters/Chomper/AnimationClips/@ChomperAttack.fbx
  artifactKey: Guid(257e753645ba2954ca2439c671e5337b) Importer(815301076,1909f56bfc062723c751e8b465ee728b)
Start importing Assets/Packages/3D Game Kit - Character Pack/Characters/Chomper/AnimationClips/@ChomperAttack.fbx using Guid(257e753645ba2954ca2439c671e5337b) Importer(815301076,1909f56bfc062723c751e8b465ee728b)  -> (artifact id: 'af1dfe3c7b07bc5fddac507d60b98888') in 0.916504 seconds 
========================================================================
Received Import Request.
  Time since last request: 0.000704 seconds.
  path: Assets/Packages/3D Game Kit - Character Pack/Characters/Ellen/AnimationClips/@EllenTurnOnSpotLeft135.fbx
  artifactKey: Guid(227c9e01d15b49745a0661cb18825f2f) Importer(815301076,1909f56bfc062723c751e8b465ee728b)
Start importing Assets/Packages/3D Game Kit - Character Pack/Characters/Ellen/AnimationClips/@EllenTurnOnSpotLeft135.fbx using Guid(227c9e01d15b49745a0661cb18825f2f) Importer(815301076,1909f56bfc062723c751e8b465ee728b)  -> (artifact id: '22bb157f65e3a20afeeb2cd1da743044') in 0.271823 seconds 
========================================================================
Received Import Request.
  Time since last request: 0.000841 seconds.
  path: Assets/Packages/3D Game Kit - Character Pack/Characters/Ellen/AnimationClips/@EllenStrafe90LeftWalkBackward.fbx
  artifactKey: Guid(d93ef79bfc1950e4d8c56a399ca92bbe) Importer(815301076,1909f56bfc062723c751e8b465ee728b)
Start importing Assets/Packages/3D Game Kit - Character Pack/Characters/Ellen/AnimationClips/@EllenStrafe90LeftWalkBackward.fbx using Guid(d93ef79bfc1950e4d8c56a399ca92bbe) Importer(815301076,1909f56bfc062723c751e8b465ee728b)  -> (artifact id: 'b2ee838c336cfa3755a997a3f89dc634') in 0.390636 seconds 
========================================================================
Received Import Request.
  Time since last request: 0.000963 seconds.
  path: Assets/Packages/3D Game Kit - Character Pack/Characters/Ellen/AnimationClips/@EllenHitFrontRight.fbx
  artifactKey: Guid(404644dc800da814b941c3e7c306379d) Importer(815301076,1909f56bfc062723c751e8b465ee728b)
Start importing Assets/Packages/3D Game Kit - Character Pack/Characters/Ellen/AnimationClips/@EllenHitFrontRight.fbx using Guid(404644dc800da814b941c3e7c306379d) Importer(815301076,1909f56bfc062723c751e8b465ee728b)  -> (artifact id: '06b4439383ff0f041ad67c1559587ee5') in 0.236365 seconds 
========================================================================
Received Import Request.
  Time since last request: 0.000628 seconds.
  path: Assets/Packages/3D Game Kit - Character Pack/Characters/Ellen/AnimationClips/@EllenGunIdle.fbx
  artifactKey: Guid(0e0341343f16f8349afc3114b11c71d1) Importer(815301076,1909f56bfc062723c751e8b465ee728b)
Start importing Assets/Packages/3D Game Kit - Character Pack/Characters/Ellen/AnimationClips/@EllenGunIdle.fbx using Guid(0e0341343f16f8349afc3114b11c71d1) Importer(815301076,1909f56bfc062723c751e8b465ee728b)  -> (artifact id: '9b24209aa2313615c6952e98728ba329') in 0.158482 seconds 
========================================================================
Received Import Request.
  Time since last request: 0.000888 seconds.
  path: Assets/Packages/3D Game Kit - Character Pack/Characters/Chomper/AnimationClips/@ChomperHit2.fbx
  artifactKey: Guid(d923bfbf69372aa46bdc5d794fe3dde2) Importer(815301076,1909f56bfc062723c751e8b465ee728b)
Start importing Assets/Packages/3D Game Kit - Character Pack/Characters/Chomper/AnimationClips/@ChomperHit2.fbx using Guid(d923bfbf69372aa46bdc5d794fe3dde2) Importer(815301076,1909f56bfc062723c751e8b465ee728b)  -> (artifact id: 'a88070e2227a88df7278cf48f482ef82') in 0.151796 seconds 
========================================================================
Received Import Request.
  Time since last request: 0.000679 seconds.
  path: Assets/Packages/3D Game Kit - Character Pack/Characters/Ellen/AnimationClips/@EllenStrafeRunBackward.fbx
  artifactKey: Guid(5ca4f665304d8f24ea830ab4f469a611) Importer(815301076,1909f56bfc062723c751e8b465ee728b)
Start importing Assets/Packages/3D Game Kit - Character Pack/Characters/Ellen/AnimationClips/@EllenStrafeRunBackward.fbx using Guid(5ca4f665304d8f24ea830ab4f469a611) Importer(815301076,1909f56bfc062723c751e8b465ee728b)  -> (artifact id: '2b79a65924bffec89a5a88187b3961fc') in 0.186238 seconds 
========================================================================
Received Import Request.
  Time since last request: 0.000687 seconds.
  path: Assets/Packages/3D Game Kit - Character Pack/Characters/Ellen/AnimationClips/@EllenStrafe90LeftRunBackward.fbx
  artifactKey: Guid(d5d602a570f72dd40a65bb246d70db53) Importer(815301076,1909f56bfc062723c751e8b465ee728b)
Start importing Assets/Packages/3D Game Kit - Character Pack/Characters/Ellen/AnimationClips/@EllenStrafe90LeftRunBackward.fbx using Guid(d5d602a570f72dd40a65bb246d70db53) Importer(815301076,1909f56bfc062723c751e8b465ee728b)  -> (artifact id: '5e05f07dfd689353e4bc9621a20c0247') in 0.155634 seconds 
========================================================================
Received Import Request.
  Time since last request: 0.000890 seconds.
  path: Assets/Packages/3D Game Kit - Character Pack/Characters/Ellen/AnimationClips/@EllenStationaryToWalkForward.fbx
  artifactKey: Guid(d0bc6dfe2e7d2314a85951fa6f05b0f9) Importer(815301076,1909f56bfc062723c751e8b465ee728b)
Start importing Assets/Packages/3D Game Kit - Character Pack/Characters/Ellen/AnimationClips/@EllenStationaryToWalkForward.fbx using Guid(d0bc6dfe2e7d2314a85951fa6f05b0f9) Importer(815301076,1909f56bfc062723c751e8b465ee728b)  -> (artifact id: '367ac5904d94c3cda42bde2a71acaefc') in 0.140327 seconds 
========================================================================
Received Import Request.
  Time since last request: 0.000958 seconds.
  path: Assets/Packages/3D Game Kit - Character Pack/Characters/Ellen/AnimationClips/@EllenRandomIdle2.fbx
  artifactKey: Guid(da8a135eea6ec3c4ea78d2932814c4dd) Importer(815301076,1909f56bfc062723c751e8b465ee728b)
Start importing Assets/Packages/3D Game Kit - Character Pack/Characters/Ellen/AnimationClips/@EllenRandomIdle2.fbx using Guid(da8a135eea6ec3c4ea78d2932814c4dd) Importer(815301076,1909f56bfc062723c751e8b465ee728b)  -> (artifact id: '85df0bdd15c2a51ab413e254cc5a3d31') in 0.159217 seconds 
========================================================================
Received Import Request.
  Time since last request: 0.000660 seconds.
  path: Assets/Packages/3D Game Kit - Character Pack/Characters/Ellen/AnimationClips/@EllenTurnOnSpotRight90.fbx
  artifactKey: Guid(4008c9d5a93ce2e4bbfa153c963696d0) Importer(815301076,1909f56bfc062723c751e8b465ee728b)
Start importing Assets/Packages/3D Game Kit - Character Pack/Characters/Ellen/AnimationClips/@EllenTurnOnSpotRight90.fbx using Guid(4008c9d5a93ce2e4bbfa153c963696d0) Importer(815301076,1909f56bfc062723c751e8b465ee728b)  -> (artifact id: '2d7330e892441c5ef9b62fa04af04851') in 0.184465 seconds 
========================================================================
Received Import Request.
  Time since last request: 0.000600 seconds.
  path: Assets/Packages/Plugins/Zenject/OptionalExtras/SampleGame1 (Beginner)/Media/Meshes/ship.fbx
  artifactKey: Guid(aad20efdfba4b7c418eea1794edbb9f0) Importer(815301076,1909f56bfc062723c751e8b465ee728b)
Start importing Assets/Packages/Plugins/Zenject/OptionalExtras/SampleGame1 (Beginner)/Media/Meshes/ship.fbx using Guid(aad20efdfba4b7c418eea1794edbb9f0) Importer(815301076,1909f56bfc062723c751e8b465ee728b)  -> (artifact id: 'e1484b076d1398956feadadf725052e2') in 0.528658 seconds 
========================================================================
Received Import Request.
  Time since last request: 0.000652 seconds.
  path: Assets/Packages/3D Game Kit - Character Pack/Characters/Ellen/AnimationClips/@EllenCombo4.fbx
  artifactKey: Guid(6fd1fb8479e6a994f9e4cc7fb79d2ac2) Importer(815301076,1909f56bfc062723c751e8b465ee728b)
Start importing Assets/Packages/3D Game Kit - Character Pack/Characters/Ellen/AnimationClips/@EllenCombo4.fbx using Guid(6fd1fb8479e6a994f9e4cc7fb79d2ac2) Importer(815301076,1909f56bfc062723c751e8b465ee728b)  -> (artifact id: '5775fba555f7156aeac0f380a8191ed7') in 0.180258 seconds 
========================================================================
Received Import Request.
  Time since last request: 0.000858 seconds.
  path: Assets/Packages/3D Game Kit - Character Pack/Characters/Ellen/AnimationClips/@EllenRunBackward.fbx
  artifactKey: Guid(fc7d28091fde6ea49a66fed092cff1ed) Importer(815301076,1909f56bfc062723c751e8b465ee728b)
Start importing Assets/Packages/3D Game Kit - Character Pack/Characters/Ellen/AnimationClips/@EllenRunBackward.fbx using Guid(fc7d28091fde6ea49a66fed092cff1ed) Importer(815301076,1909f56bfc062723c751e8b465ee728b)  -> (artifact id: '3d7ee0047c10890130cfef1a1ec019e6') in 0.175838 seconds 
========================================================================
Received Import Request.
  Time since last request: 0.001085 seconds.
  path: Assets/Packages/3D Game Kit - Character Pack/Characters/Ellen/AnimationClips/@EllenCombo2.fbx
  artifactKey: Guid(506fbaf36141f7842ad5ad583349cc87) Importer(815301076,1909f56bfc062723c751e8b465ee728b)
Start importing Assets/Packages/3D Game Kit - Character Pack/Characters/Ellen/AnimationClips/@EllenCombo2.fbx using Guid(506fbaf36141f7842ad5ad583349cc87) Importer(815301076,1909f56bfc062723c751e8b465ee728b)  -> (artifact id: 'c30243d4af98770ed2715de9c673e86c') in 0.163765 seconds 
========================================================================
Received Import Request.
  Time since last request: 0.000525 seconds.
  path: Assets/Packages/3D Game Kit - Character Pack/Characters/Ellen/AnimationClips/@EllenStrafe90RightBackward.fbx
  artifactKey: Guid(6ed74bb6d6a6bc04ca728087be4b6ecd) Importer(815301076,1909f56bfc062723c751e8b465ee728b)
Start importing Assets/Packages/3D Game Kit - Character Pack/Characters/Ellen/AnimationClips/@EllenStrafe90RightBackward.fbx using Guid(6ed74bb6d6a6bc04ca728087be4b6ecd) Importer(815301076,1909f56bfc062723c751e8b465ee728b)  -> (artifact id: '67fc575edaead44726aa63f711c29aae') in 0.163003 seconds 
========================================================================
Received Import Request.
  Time since last request: 0.000646 seconds.
  path: Assets/Packages/3D Game Kit - Character Pack/Characters/Ellen/AnimationClips/@EllenRunForward.fbx
  artifactKey: Guid(591b8bf650e73d641a396d03b9f6af89) Importer(815301076,1909f56bfc062723c751e8b465ee728b)
Start importing Assets/Packages/3D Game Kit - Character Pack/Characters/Ellen/AnimationClips/@EllenRunForward.fbx using Guid(591b8bf650e73d641a396d03b9f6af89) Importer(815301076,1909f56bfc062723c751e8b465ee728b)  -> (artifact id: 'b8c03fdc5596d63c2b761639c0ec4f92') in 0.149891 seconds 
========================================================================
Received Import Request.
  Time since last request: 0.000573 seconds.
  path: Assets/Packages/3D Game Kit - Character Pack/Characters/Ellen/AnimationClips/@EllenIdle.fbx
  artifactKey: Guid(83b647f9ffea82b4a9680e016dec2197) Importer(815301076,1909f56bfc062723c751e8b465ee728b)
Start importing Assets/Packages/3D Game Kit - Character Pack/Characters/Ellen/AnimationClips/@EllenIdle.fbx using Guid(83b647f9ffea82b4a9680e016dec2197) Importer(815301076,1909f56bfc062723c751e8b465ee728b)  -> (artifact id: 'c6fd41bd3fe253984ddde3944e3ff943') in 0.160292 seconds 
========================================================================
Received Import Request.
  Time since last request: 0.000907 seconds.
  path: Assets/Packages/3D Game Kit - Character Pack/Characters/Ellen/AnimationClips/@EllenGunPutAway.fbx
  artifactKey: Guid(3fca713ac647fc742a74a4aa7922c425) Importer(815301076,1909f56bfc062723c751e8b465ee728b)
Start importing Assets/Packages/3D Game Kit - Character Pack/Characters/Ellen/AnimationClips/@EllenGunPutAway.fbx using Guid(3fca713ac647fc742a74a4aa7922c425) Importer(815301076,1909f56bfc062723c751e8b465ee728b)  -> (artifact id: '88b395bad980bbfc9b319864e87ea8d3') in 0.217395 seconds 
========================================================================
Received Import Request.
  Time since last request: 0.000800 seconds.
  path: Assets/Packages/3D Game Kit - Character Pack/Characters/Ellen/AnimationClips/@EllenRunForwardBackwardTransition.fbx
  artifactKey: Guid(7f7de4b0c45098b4bb8c8a28c32699f1) Importer(815301076,1909f56bfc062723c751e8b465ee728b)
Start importing Assets/Packages/3D Game Kit - Character Pack/Characters/Ellen/AnimationClips/@EllenRunForwardBackwardTransition.fbx using Guid(7f7de4b0c45098b4bb8c8a28c32699f1) Importer(815301076,1909f56bfc062723c751e8b465ee728b)  -> (artifact id: 'a966da1c4748970d27422a617dcd6631') in 0.161977 seconds 
========================================================================
Received Import Request.
  Time since last request: 0.000564 seconds.
  path: Assets/Packages/3D Game Kit - Character Pack/Characters/Ellen/AnimationClips/@EllenHitFront.fbx
  artifactKey: Guid(62b2a28a812b9b146916a9cd1a84f0e3) Importer(815301076,1909f56bfc062723c751e8b465ee728b)
Start importing Assets/Packages/3D Game Kit - Character Pack/Characters/Ellen/AnimationClips/@EllenHitFront.fbx using Guid(62b2a28a812b9b146916a9cd1a84f0e3) Importer(815301076,1909f56bfc062723c751e8b465ee728b)  -> (artifact id: '24924276ff2b99a9720d0e9c79728b56') in 0.211155 seconds 
========================================================================
Received Import Request.
  Time since last request: 0.001157 seconds.
  path: Assets/Packages/3D Game Kit - Character Pack/Characters/Ellen/AnimationClips/@EllenTurnOnSpotRight180.fbx
  artifactKey: Guid(e1cce0de453816e4282371b40dc4f5e9) Importer(815301076,1909f56bfc062723c751e8b465ee728b)
Start importing Assets/Packages/3D Game Kit - Character Pack/Characters/Ellen/AnimationClips/@EllenTurnOnSpotRight180.fbx using Guid(e1cce0de453816e4282371b40dc4f5e9) Importer(815301076,1909f56bfc062723c751e8b465ee728b)  -> (artifact id: 'f59dd7f382714a51abfc9a098c3e36ee') in 0.165145 seconds 
========================================================================
Received Import Request.
  Time since last request: 0.000773 seconds.
  path: Assets/Packages/3D Game Kit - Character Pack/Characters/Chomper/AnimationClips/@ChomperIdle.fbx
  artifactKey: Guid(ab5bda48f8799bb4f84ab060e69f60a7) Importer(815301076,1909f56bfc062723c751e8b465ee728b)
Start importing Assets/Packages/3D Game Kit - Character Pack/Characters/Chomper/AnimationClips/@ChomperIdle.fbx using Guid(ab5bda48f8799bb4f84ab060e69f60a7) Importer(815301076,1909f56bfc062723c751e8b465ee728b)  -> (artifact id: '2013032b02a7903f6470706ab39793ed') in 0.152420 seconds 
========================================================================
Received Import Request.
  Time since last request: 0.000730 seconds.
  path: Assets/Packages/3D Game Kit - Character Pack/Characters/Ellen/AnimationClips/@EllenStationaryToTurn180RightRun.fbx
  artifactKey: Guid(f1a866e67d58e854bb2cfdd96e631327) Importer(815301076,1909f56bfc062723c751e8b465ee728b)
Start importing Assets/Packages/3D Game Kit - Character Pack/Characters/Ellen/AnimationClips/@EllenStationaryToTurn180RightRun.fbx using Guid(f1a866e67d58e854bb2cfdd96e631327) Importer(815301076,1909f56bfc062723c751e8b465ee728b)  -> (artifact id: '9ef2d998f7020291510d613c231f600a') in 0.173677 seconds 
========================================================================
Received Import Request.
  Time since last request: 0.000474 seconds.
  path: Assets/Packages/3D Game Kit - Character Pack/Characters/Ellen/AnimationClips/@EllenJump.fbx
  artifactKey: Guid(1bbe72df8c2b6af46bfbadad72175372) Importer(815301076,1909f56bfc062723c751e8b465ee728b)
Start importing Assets/Packages/3D Game Kit - Character Pack/Characters/Ellen/AnimationClips/@EllenJump.fbx using Guid(1bbe72df8c2b6af46bfbadad72175372) Importer(815301076,1909f56bfc062723c751e8b465ee728b)  -> (artifact id: '2b17cd502c2acdaa0882de9580270c40') in 0.159182 seconds 
========================================================================
Received Import Request.
  Time since last request: 0.000711 seconds.
  path: Assets/Packages/3D Game Kit - Character Pack/Characters/Ellen/AnimationClips/@EllenRunForwardLanding.fbx
  artifactKey: Guid(69d6fb34dcfd40d47b53a45b6666faa6) Importer(815301076,1909f56bfc062723c751e8b465ee728b)
Start importing Assets/Packages/3D Game Kit - Character Pack/Characters/Ellen/AnimationClips/@EllenRunForwardLanding.fbx using Guid(69d6fb34dcfd40d47b53a45b6666faa6) Importer(815301076,1909f56bfc062723c751e8b465ee728b)  -> (artifact id: '5baa01f3cd9747da20789204a0a32d92') in 0.174921 seconds 
========================================================================
Received Import Request.
  Time since last request: 0.000682 seconds.
  path: Assets/Packages/3D Game Kit - Character Pack/Characters/Ellen/AnimationClips/@EllenTurnOnSpotRight135.fbx
  artifactKey: Guid(c5164fe4906b93a41944c80c94a7cdb0) Importer(815301076,1909f56bfc062723c751e8b465ee728b)
Start importing Assets/Packages/3D Game Kit - Character Pack/Characters/Ellen/AnimationClips/@EllenTurnOnSpotRight135.fbx using Guid(c5164fe4906b93a41944c80c94a7cdb0) Importer(815301076,1909f56bfc062723c751e8b465ee728b)  -> (artifact id: 'd93f7b32bb7d51829d1577b06a69c82f') in 0.173233 seconds 
========================================================================
Received Import Request.
  Time since last request: 0.000697 seconds.
  path: Assets/Packages/3D Game Kit - Character Pack/Characters/Ellen/AnimationClips/@EllenStationaryToTurn90RightWalk.fbx
  artifactKey: Guid(c8577a90f79f06842becdb9853f5e672) Importer(815301076,1909f56bfc062723c751e8b465ee728b)
Start importing Assets/Packages/3D Game Kit - Character Pack/Characters/Ellen/AnimationClips/@EllenStationaryToTurn90RightWalk.fbx using Guid(c8577a90f79f06842becdb9853f5e672) Importer(815301076,1909f56bfc062723c751e8b465ee728b)  -> (artifact id: 'd66c4cac4a37b6f03e2725b877953c42') in 0.163245 seconds 
========================================================================
Received Import Request.
  Time since last request: 0.000602 seconds.
  path: Assets/Packages/3D Game Kit - Character Pack/Characters/Ellen/AnimationClips/@EllenDeath.fbx
  artifactKey: Guid(75c0b8ca7a51b3544a4af8381af8db0b) Importer(815301076,1909f56bfc062723c751e8b465ee728b)
Start importing Assets/Packages/3D Game Kit - Character Pack/Characters/Ellen/AnimationClips/@EllenDeath.fbx using Guid(75c0b8ca7a51b3544a4af8381af8db0b) Importer(815301076,1909f56bfc062723c751e8b465ee728b)  -> (artifact id: 'd1bed1284530596926dfca9e57897143') in 0.157685 seconds 
========================================================================
Received Import Request.
  Time since last request: 0.000925 seconds.
  path: Assets/Packages/Plugins/Zenject/OptionalExtras/SampleGame2 (Advanced)/Media/Models/ship.fbx
  artifactKey: Guid(73637a3b17554e34c9e921d4df1ee609) Importer(815301076,1909f56bfc062723c751e8b465ee728b)
Start importing Assets/Packages/Plugins/Zenject/OptionalExtras/SampleGame2 (Advanced)/Media/Models/ship.fbx using Guid(73637a3b17554e34c9e921d4df1ee609) Importer(815301076,1909f56bfc062723c751e8b465ee728b)  -> (artifact id: '9f9572c459d5daa8e7b448dfedb70332') in 0.195567 seconds 
========================================================================
Received Import Request.
  Time since last request: 0.000902 seconds.
  path: Assets/Packages/3D Game Kit - Character Pack/Characters/Ellen/AnimationClips/@EllenStationaryToTurn180RightWalk.fbx
  artifactKey: Guid(967b6f580024ca041b7c2205ffb8f433) Importer(815301076,1909f56bfc062723c751e8b465ee728b)
Start importing Assets/Packages/3D Game Kit - Character Pack/Characters/Ellen/AnimationClips/@EllenStationaryToTurn180RightWalk.fbx using Guid(967b6f580024ca041b7c2205ffb8f433) Importer(815301076,1909f56bfc062723c751e8b465ee728b)  -> (artifact id: '01a7d8014eb381e5ab38bdd8114a761d') in 0.156065 seconds 
========================================================================
Received Import Request.
  Time since last request: 0.000960 seconds.
  path: Assets/Packages/3D Game Kit - Character Pack/Characters/Ellen/AnimationClips/@EllenHitLeft.fbx
  artifactKey: Guid(e9ceeb0bdca44b94a8aaefe78d7107cc) Importer(815301076,1909f56bfc062723c751e8b465ee728b)
Start importing Assets/Packages/3D Game Kit - Character Pack/Characters/Ellen/AnimationClips/@EllenHitLeft.fbx using Guid(e9ceeb0bdca44b94a8aaefe78d7107cc) Importer(815301076,1909f56bfc062723c751e8b465ee728b)  -> (artifact id: '71d690cbdfc018734ba5f447efa7420a') in 0.273160 seconds 
========================================================================
Received Import Request.
  Time since last request: 0.000395 seconds.
  path: Assets/Packages/3D Game Kit - Character Pack/Characters/Ellen/AnimationClips/@EllenCombo3.fbx
  artifactKey: Guid(d0d401bb3fc68574296f7ff69e81546c) Importer(815301076,1909f56bfc062723c751e8b465ee728b)
Start importing Assets/Packages/3D Game Kit - Character Pack/Characters/Ellen/AnimationClips/@EllenCombo3.fbx using Guid(d0d401bb3fc68574296f7ff69e81546c) Importer(815301076,1909f56bfc062723c751e8b465ee728b)  -> (artifact id: '1c4fb014a9485e0f0a211fe3c53d303f') in 0.177093 seconds 
========================================================================
Received Import Request.
  Time since last request: 0.000732 seconds.
  path: Assets/Packages/3D Game Kit - Character Pack/Characters/Chomper/AnimationClips/@ChomperHit4.fbx
  artifactKey: Guid(79010052a8a8d57429c67f68dab3478f) Importer(815301076,1909f56bfc062723c751e8b465ee728b)
Start importing Assets/Packages/3D Game Kit - Character Pack/Characters/Chomper/AnimationClips/@ChomperHit4.fbx using Guid(79010052a8a8d57429c67f68dab3478f) Importer(815301076,1909f56bfc062723c751e8b465ee728b)  -> (artifact id: 'a4f7f955b11cdcf851cec399fc9b62bd') in 0.179648 seconds 
========================================================================
Received Import Request.
  Time since last request: 0.000240 seconds.
  path: Assets/Packages/3D Game Kit - Character Pack/Characters/Ellen/AnimationClips/@EllenTurnOnSpotRight45.fbx
  artifactKey: Guid(b005565d63cd1a943b59195c8231f995) Importer(815301076,1909f56bfc062723c751e8b465ee728b)
Start importing Assets/Packages/3D Game Kit - Character Pack/Characters/Ellen/AnimationClips/@EllenTurnOnSpotRight45.fbx using Guid(b005565d63cd1a943b59195c8231f995) Importer(815301076,1909f56bfc062723c751e8b465ee728b)  -> (artifact id: 'a213493805bc192c0a302a2c490d81c5') in 0.155385 seconds 
========================================================================
Received Import Request.
  Time since last request: 0.000870 seconds.
  path: Assets/Packages/3D Game Kit - Character Pack/Characters/Ellen/AnimationClips/@EllenHitBackRight.fbx
  artifactKey: Guid(b895cfd7745f48346bc5b542aa1a0e26) Importer(815301076,1909f56bfc062723c751e8b465ee728b)
Start importing Assets/Packages/3D Game Kit - Character Pack/Characters/Ellen/AnimationClips/@EllenHitBackRight.fbx using Guid(b895cfd7745f48346bc5b542aa1a0e26) Importer(815301076,1909f56bfc062723c751e8b465ee728b)  -> (artifact id: '100d88936d024c8f0b242e1a4445330a') in 0.164614 seconds 
========================================================================
Received Import Request.
  Time since last request: 0.001560 seconds.
  path: Assets/Packages/3D Game Kit - Character Pack/Characters/Ellen/AnimationClips/@EllenRandomIdle3.fbx
  artifactKey: Guid(6bddc2fb042e88f4190b861b198db1d4) Importer(815301076,1909f56bfc062723c751e8b465ee728b)
Start importing Assets/Packages/3D Game Kit - Character Pack/Characters/Ellen/AnimationClips/@EllenRandomIdle3.fbx using Guid(6bddc2fb042e88f4190b861b198db1d4) Importer(815301076,1909f56bfc062723c751e8b465ee728b)  -> (artifact id: '066f95b980e3cf9140513b580d1cacd0') in 0.148534 seconds 
========================================================================
Received Import Request.
  Time since last request: 0.001144 seconds.
  path: Assets/Packages/3D Game Kit - Character Pack/Characters/Ellen/AnimationClips/@EllenStationaryToTurn90LeftRun.fbx
  artifactKey: Guid(2e6750cd6e0130946a094ddae3cec953) Importer(815301076,1909f56bfc062723c751e8b465ee728b)
Start importing Assets/Packages/3D Game Kit - Character Pack/Characters/Ellen/AnimationClips/@EllenStationaryToTurn90LeftRun.fbx using Guid(2e6750cd6e0130946a094ddae3cec953) Importer(815301076,1909f56bfc062723c751e8b465ee728b)  -> (artifact id: '57cb039cff4a6354d9d5d6b3e8716cc5') in 0.101953 seconds 
========================================================================
Received Import Request.
  Time since last request: 0.000682 seconds.
  path: Assets/Packages/3D Game Kit - Character Pack/Characters/Ellen/AnimationClips/@EllenStationaryToTurn180LeftWalk.fbx
  artifactKey: Guid(888c68e83ca1a1f4fbcef4fb038a3498) Importer(815301076,1909f56bfc062723c751e8b465ee728b)
Start importing Assets/Packages/3D Game Kit - Character Pack/Characters/Ellen/AnimationClips/@EllenStationaryToTurn180LeftWalk.fbx using Guid(888c68e83ca1a1f4fbcef4fb038a3498) Importer(815301076,1909f56bfc062723c751e8b465ee728b)  -> (artifact id: '8fb3a40cdae5cd0d4fed757753150c3c') in 0.118651 seconds 
========================================================================
Received Import Request.
  Time since last request: 0.001165 seconds.
  path: Assets/Packages/3D Game Kit - Character Pack/Characters/Ellen/AnimationClips/@EllenStationaryToRunForward.fbx
  artifactKey: Guid(9e5e0bf7083ea6f43be5801e4da5f0ad) Importer(815301076,1909f56bfc062723c751e8b465ee728b)
Start importing Assets/Packages/3D Game Kit - Character Pack/Characters/Ellen/AnimationClips/@EllenStationaryToRunForward.fbx using Guid(9e5e0bf7083ea6f43be5801e4da5f0ad) Importer(815301076,1909f56bfc062723c751e8b465ee728b)  -> (artifact id: '80e1f00526ed0052a5467272465377ee') in 0.172376 seconds 
========================================================================
Received Import Request.
  Time since last request: 0.000749 seconds.
  path: Assets/Packages/3D Game Kit - Character Pack/Characters/Ellen/AnimationClips/@EllenStrafeWalkBackward.fbx
  artifactKey: Guid(72ccc97c139729742bbbdf4ebf0a7265) Importer(815301076,1909f56bfc062723c751e8b465ee728b)
Start importing Assets/Packages/3D Game Kit - Character Pack/Characters/Ellen/AnimationClips/@EllenStrafeWalkBackward.fbx using Guid(72ccc97c139729742bbbdf4ebf0a7265) Importer(815301076,1909f56bfc062723c751e8b465ee728b)  -> (artifact id: '45be57ddcb28a06488b4270a9daba01a') in 0.164308 seconds 
========================================================================
Received Import Request.
  Time since last request: 0.001061 seconds.
  path: Assets/Packages/3D Game Kit - Character Pack/Characters/Chomper/AnimationClips/@ChomperRunForward.fbx
  artifactKey: Guid(1e35373135394fa45852a3e55ba00889) Importer(815301076,1909f56bfc062723c751e8b465ee728b)
Start importing Assets/Packages/3D Game Kit - Character Pack/Characters/Chomper/AnimationClips/@ChomperRunForward.fbx using Guid(1e35373135394fa45852a3e55ba00889) Importer(815301076,1909f56bfc062723c751e8b465ee728b)  -> (artifact id: 'bb7cb86edf9b4d1609a4624dc3ec9312') in 0.118557 seconds 
========================================================================
Received Import Request.
  Time since last request: 0.001159 seconds.
  path: Assets/Packages/Plugins/Zenject/OptionalExtras/SampleGame1 (Beginner)/Media/Meshes/shipfractured.fbx
  artifactKey: Guid(5735f3b443f71894589af1323ad7a29b) Importer(815301076,1909f56bfc062723c751e8b465ee728b)
Start importing Assets/Packages/Plugins/Zenject/OptionalExtras/SampleGame1 (Beginner)/Media/Meshes/shipfractured.fbx using Guid(5735f3b443f71894589af1323ad7a29b) Importer(815301076,1909f56bfc062723c751e8b465ee728b)  -> (artifact id: '95ec146605f1f7a875af2b8c755f93bd') in 0.325531 seconds 
========================================================================
Received Import Request.
  Time since last request: 0.000662 seconds.
  path: Assets/Packages/3D Game Kit - Character Pack/Characters/Ellen/AnimationClips/@EllenTurnOnSpotLeft180.fbx
  artifactKey: Guid(faa7022c83412e84faffe7b8e9f965de) Importer(815301076,1909f56bfc062723c751e8b465ee728b)
Start importing Assets/Packages/3D Game Kit - Character Pack/Characters/Ellen/AnimationClips/@EllenTurnOnSpotLeft180.fbx using Guid(faa7022c83412e84faffe7b8e9f965de) Importer(815301076,1909f56bfc062723c751e8b465ee728b)  -> (artifact id: '6f3be35f43ea6b88dd6ca26dee840f3d') in 0.123864 seconds 
========================================================================
Received Import Request.
  Time since last request: 0.001075 seconds.
  path: Assets/Packages/3D Game Kit - Character Pack/Characters/Ellen/AnimationClips/@EllenGunShoot.fbx
  artifactKey: Guid(60b35be23e16e5746972444b244460e0) Importer(815301076,1909f56bfc062723c751e8b465ee728b)
Start importing Assets/Packages/3D Game Kit - Character Pack/Characters/Ellen/AnimationClips/@EllenGunShoot.fbx using Guid(60b35be23e16e5746972444b244460e0) Importer(815301076,1909f56bfc062723c751e8b465ee728b)  -> (artifact id: '0a4e9fbdda56e8accdf10503e2e0ddaf') in 0.195272 seconds 
========================================================================
Received Import Request.
  Time since last request: 0.000665 seconds.
  path: Assets/Packages/3D Game Kit - Character Pack/Characters/Chomper/AnimationClips/@ChomperWalkForward.fbx
  artifactKey: Guid(207dc8692867d714ab049ba3b95ff920) Importer(815301076,1909f56bfc062723c751e8b465ee728b)
Start importing Assets/Packages/3D Game Kit - Character Pack/Characters/Chomper/AnimationClips/@ChomperWalkForward.fbx using Guid(207dc8692867d714ab049ba3b95ff920) Importer(815301076,1909f56bfc062723c751e8b465ee728b)  -> (artifact id: '322e1b28a39566138833f0fe76768e3d') in 0.115680 seconds 
========================================================================
Received Import Request.
  Time since last request: 0.001618 seconds.
  path: Assets/Packages/3D Game Kit - Character Pack/Characters/Ellen/AnimationClips/@EllenHitFrontLeft.fbx
  artifactKey: Guid(b7e13748b64e49b438b795a58809535e) Importer(815301076,1909f56bfc062723c751e8b465ee728b)
Start importing Assets/Packages/3D Game Kit - Character Pack/Characters/Ellen/AnimationClips/@EllenHitFrontLeft.fbx using Guid(b7e13748b64e49b438b795a58809535e) Importer(815301076,1909f56bfc062723c751e8b465ee728b)  -> (artifact id: '711e7488e40c01aaca8395fb5559eed2') in 0.237508 seconds 
========================================================================
Received Import Request.
  Time since last request: 0.000841 seconds.
  path: Assets/Packages/3D Game Kit - Character Pack/Characters/Ellen/AnimationClips/@EllenStationaryToTurn90LeftWalk.fbx
  artifactKey: Guid(634a692c84f454f4daf76eef5f14d68d) Importer(815301076,1909f56bfc062723c751e8b465ee728b)
Start importing Assets/Packages/3D Game Kit - Character Pack/Characters/Ellen/AnimationClips/@EllenStationaryToTurn90LeftWalk.fbx using Guid(634a692c84f454f4daf76eef5f14d68d) Importer(815301076,1909f56bfc062723c751e8b465ee728b)  -> (artifact id: '75b6bdc5dfd663c64d78ef999d2e4240') in 0.167385 seconds 
========================================================================
Received Import Request.
  Time since last request: 0.001106 seconds.
  path: Assets/Packages/3D Game Kit - Character Pack/Characters/Ellen/AnimationClips/@EllenTurnOnSpotLeft45.fbx
  artifactKey: Guid(effcf99bf27527d4bb60e6ea50c792e9) Importer(815301076,1909f56bfc062723c751e8b465ee728b)
Start importing Assets/Packages/3D Game Kit - Character Pack/Characters/Ellen/AnimationClips/@EllenTurnOnSpotLeft45.fbx using Guid(effcf99bf27527d4bb60e6ea50c792e9) Importer(815301076,1909f56bfc062723c751e8b465ee728b)  -> (artifact id: '09364898c92b78c415f94283f719df46') in 0.223974 seconds 
========================================================================
Received Import Request.
  Time since last request: 0.000589 seconds.
  path: Assets/Packages/3D Game Kit - Character Pack/Characters/Ellen/AnimationClips/@EllenWalkBackward.fbx
  artifactKey: Guid(899aeaa13b49d6045ae7c2d4420eef79) Importer(815301076,1909f56bfc062723c751e8b465ee728b)
Start importing Assets/Packages/3D Game Kit - Character Pack/Characters/Ellen/AnimationClips/@EllenWalkBackward.fbx using Guid(899aeaa13b49d6045ae7c2d4420eef79) Importer(815301076,1909f56bfc062723c751e8b465ee728b)  -> (artifact id: '09dd31ecc36d2e578837133d8d1d897e') in 0.216373 seconds 
========================================================================
Received Import Request.
  Time since last request: 0.000817 seconds.
  path: Assets/Packages/3D Game Kit - Character Pack/Characters/Ellen/AnimationClips/@EllenHitBack.fbx
  artifactKey: Guid(ef55d1093a664e447940f6fade733a6d) Importer(815301076,1909f56bfc062723c751e8b465ee728b)
Start importing Assets/Packages/3D Game Kit - Character Pack/Characters/Ellen/AnimationClips/@EllenHitBack.fbx using Guid(ef55d1093a664e447940f6fade733a6d) Importer(815301076,1909f56bfc062723c751e8b465ee728b)  -> (artifact id: '6b3458c786d880f00597a23b1d7c7351') in 0.185869 seconds 
========================================================================
Received Import Request.
  Time since last request: 0.007058 seconds.
  path: Assets/Packages/3D Game Kit - Character Pack/Characters/Ellen/AnimationClips/@EllenHitBackLeft.fbx
  artifactKey: Guid(d23b5a928bc7a32438c1c802c144007f) Importer(815301076,1909f56bfc062723c751e8b465ee728b)
Start importing Assets/Packages/3D Game Kit - Character Pack/Characters/Ellen/AnimationClips/@EllenHitBackLeft.fbx using Guid(d23b5a928bc7a32438c1c802c144007f) Importer(815301076,1909f56bfc062723c751e8b465ee728b)  -> (artifact id: 'c790b765ba9c644147d255bf2acb3016') in 0.166150 seconds 
========================================================================
Received Import Request.
  Time since last request: 0.000779 seconds.
  path: Assets/Packages/3D Game Kit - Character Pack/Characters/Ellen/AnimationClips/@EllenIdleLandFast.fbx
  artifactKey: Guid(e6a235e8d3cc58747881167cd3742502) Importer(815301076,1909f56bfc062723c751e8b465ee728b)
Start importing Assets/Packages/3D Game Kit - Character Pack/Characters/Ellen/AnimationClips/@EllenIdleLandFast.fbx using Guid(e6a235e8d3cc58747881167cd3742502) Importer(815301076,1909f56bfc062723c751e8b465ee728b)  -> (artifact id: '7c1a31aa0b466811a5380eca83493019') in 0.191429 seconds 
========================================================================
Received Import Request.
  Time since last request: 0.000726 seconds.
  path: Assets/Packages/3D Game Kit - Character Pack/Characters/Ellen/AnimationClips/@EllenStationaryToTurn180LeftRun.fbx
  artifactKey: Guid(23e8fd4601309de4fbbd93bd4b6c1afd) Importer(815301076,1909f56bfc062723c751e8b465ee728b)
Start importing Assets/Packages/3D Game Kit - Character Pack/Characters/Ellen/AnimationClips/@EllenStationaryToTurn180LeftRun.fbx using Guid(23e8fd4601309de4fbbd93bd4b6c1afd) Importer(815301076,1909f56bfc062723c751e8b465ee728b)  -> (artifact id: '37a5a0999bb2afa5a9bfedd41338434f') in 0.190243 seconds 
========================================================================
Received Import Request.
  Time since last request: 0.000895 seconds.
  path: Assets/Packages/3D Game Kit - Character Pack/Characters/Ellen/AnimationClips/@EllenCombo1.fbx
  artifactKey: Guid(3aeb280aa07caa148891a47a136fcee4) Importer(815301076,1909f56bfc062723c751e8b465ee728b)
Start importing Assets/Packages/3D Game Kit - Character Pack/Characters/Ellen/AnimationClips/@EllenCombo1.fbx using Guid(3aeb280aa07caa148891a47a136fcee4) Importer(815301076,1909f56bfc062723c751e8b465ee728b)  -> (artifact id: 'fc8a4415e4c1cd8a9abd5ce29d2f16ec') in 0.174382 seconds 
========================================================================
Received Import Request.
  Time since last request: 0.000732 seconds.
  path: Assets/Packages/3D Game Kit - Character Pack/Characters/Ellen/AnimationClips/@EllenRandomIdle1.fbx
  artifactKey: Guid(e7f8d149f8d7e5242a52e530f0782e92) Importer(815301076,1909f56bfc062723c751e8b465ee728b)
Start importing Assets/Packages/3D Game Kit - Character Pack/Characters/Ellen/AnimationClips/@EllenRandomIdle1.fbx using Guid(e7f8d149f8d7e5242a52e530f0782e92) Importer(815301076,1909f56bfc062723c751e8b465ee728b)  -> (artifact id: '30df42fe6b4b31a8f1421713554d3c6b') in 0.616167 seconds 
========================================================================
Received Import Request.
  Time since last request: 0.000659 seconds.
  path: Assets/Packages/3D Game Kit - Character Pack/Characters/Ellen/AnimationClips/@EllenSpawn.fbx
  artifactKey: Guid(118c1440644eccb46ba5d8a2657a9556) Importer(815301076,1909f56bfc062723c751e8b465ee728b)
Start importing Assets/Packages/3D Game Kit - Character Pack/Characters/Ellen/AnimationClips/@EllenSpawn.fbx using Guid(118c1440644eccb46ba5d8a2657a9556) Importer(815301076,1909f56bfc062723c751e8b465ee728b)  -> (artifact id: '0d31eb673b620bba0baf633e6cd3c46e') in 0.550735 seconds 
========================================================================
Received Import Request.
  Time since last request: 0.000245 seconds.
  path: Assets/Packages/3D Game Kit - Character Pack/Characters/Ellen/AnimationClips/@EllenRunForwardLandingFast.fbx
  artifactKey: Guid(74640275d27b66a4fa863f592bb4a792) Importer(815301076,1909f56bfc062723c751e8b465ee728b)
Start importing Assets/Packages/3D Game Kit - Character Pack/Characters/Ellen/AnimationClips/@EllenRunForwardLandingFast.fbx using Guid(74640275d27b66a4fa863f592bb4a792) Importer(815301076,1909f56bfc062723c751e8b465ee728b)  -> (artifact id: 'dbfad4525c02a7d6b94e387ac2c997da') in 0.460133 seconds 
========================================================================
Received Import Request.
  Time since last request: 0.000775 seconds.
  path: Assets/Packages/3D Game Kit - Character Pack/Characters/Ellen/AnimationClips/@EllenStationaryToTurn90RightRun.fbx
  artifactKey: Guid(b7af0645675cb8f46b8668fdd8c1c17c) Importer(815301076,1909f56bfc062723c751e8b465ee728b)
Start importing Assets/Packages/3D Game Kit - Character Pack/Characters/Ellen/AnimationClips/@EllenStationaryToTurn90RightRun.fbx using Guid(b7af0645675cb8f46b8668fdd8c1c17c) Importer(815301076,1909f56bfc062723c751e8b465ee728b)  -> (artifact id: '3715e2f0bf368f044f32532905c47fb3') in 0.189097 seconds 
========================================================================
Received Import Request.
  Time since last request: 0.000698 seconds.
  path: Assets/Packages/3D Game Kit - Character Pack/Characters/Ellen/AnimationClips/@EllenStrafe90RightRunBackward.fbx
  artifactKey: Guid(81c1dcd989841b24c84639b687b6acdc) Importer(815301076,1909f56bfc062723c751e8b465ee728b)
Start importing Assets/Packages/3D Game Kit - Character Pack/Characters/Ellen/AnimationClips/@EllenStrafe90RightRunBackward.fbx using Guid(81c1dcd989841b24c84639b687b6acdc) Importer(815301076,1909f56bfc062723c751e8b465ee728b)  -> (artifact id: '2b9779f3c01c8d2e7d849195690291cd') in 0.188020 seconds 
========================================================================
Received Import Request.
  Time since last request: 0.001298 seconds.
  path: Assets/Packages/3D Game Kit - Character Pack/Characters/Ellen/AnimationClips/@EllenGunTakeOut.fbx
  artifactKey: Guid(e3a5ef9c462aa6148905797ad21cea01) Importer(815301076,1909f56bfc062723c751e8b465ee728b)
Start importing Assets/Packages/3D Game Kit - Character Pack/Characters/Ellen/AnimationClips/@EllenGunTakeOut.fbx using Guid(e3a5ef9c462aa6148905797ad21cea01) Importer(815301076,1909f56bfc062723c751e8b465ee728b)  -> (artifact id: '130b73a3fd60e3717bc374e709579479') in 0.132869 seconds 
========================================================================
Received Import Request.
  Time since last request: 0.001632 seconds.
  path: Assets/Packages/3D Game Kit - Character Pack/Characters/Chomper/AnimationClips/@ChomperHit3.fbx
  artifactKey: Guid(ea28880f3c432b74ba40f56c53f03139) Importer(815301076,1909f56bfc062723c751e8b465ee728b)
Start importing Assets/Packages/3D Game Kit - Character Pack/Characters/Chomper/AnimationClips/@ChomperHit3.fbx using Guid(ea28880f3c432b74ba40f56c53f03139) Importer(815301076,1909f56bfc062723c751e8b465ee728b)  -> (artifact id: '458dd03174d2b76594253c2773d5297f') in 0.163911 seconds 
========================================================================
Received Import Request.
  Time since last request: 0.000771 seconds.
  path: Assets/Packages/3D Game Kit - Character Pack/Characters/Ellen/AnimationClips/@EllenHitRight.fbx
  artifactKey: Guid(354357235aca8884584fd41a973a3882) Importer(815301076,1909f56bfc062723c751e8b465ee728b)
Start importing Assets/Packages/3D Game Kit - Character Pack/Characters/Ellen/AnimationClips/@EllenHitRight.fbx using Guid(354357235aca8884584fd41a973a3882) Importer(815301076,1909f56bfc062723c751e8b465ee728b)  -> (artifact id: '0ab63775234bf81143d2fe583db04d7a') in 0.165724 seconds 
========================================================================
Received Import Request.
  Time since last request: 0.000724 seconds.
  path: Assets/Packages/3D Game Kit - Character Pack/Characters/Chomper/AnimationClips/@ChomperHit1.fbx
  artifactKey: Guid(4fc6949e6b7737f4da8cd2e1ce1d66f1) Importer(815301076,1909f56bfc062723c751e8b465ee728b)
Start importing Assets/Packages/3D Game Kit - Character Pack/Characters/Chomper/AnimationClips/@ChomperHit1.fbx using Guid(4fc6949e6b7737f4da8cd2e1ce1d66f1) Importer(815301076,1909f56bfc062723c751e8b465ee728b)  -> (artifact id: 'f6263324b0f9c7761b6e03843aa01123') in 0.118996 seconds 
========================================================================
Received Import Request.
  Time since last request: 0.002941 seconds.
  path: Assets/Packages/3D Game Kit - Character Pack/Characters/Ellen/AnimationClips/@EllenTurnOnSpotLeft90.fbx
  artifactKey: Guid(6e36c05719123cf4d8f2981e1ce637ca) Importer(815301076,1909f56bfc062723c751e8b465ee728b)
Start importing Assets/Packages/3D Game Kit - Character Pack/Characters/Ellen/AnimationClips/@EllenTurnOnSpotLeft90.fbx using Guid(6e36c05719123cf4d8f2981e1ce637ca) Importer(815301076,1909f56bfc062723c751e8b465ee728b)  -> (artifact id: '3a2be2c36b9d3b3b0ddef131af9811c8') in 0.191845 seconds 
========================================================================
Received Import Request.
  Time since last request: 265.486395 seconds.
  path: Assets/Scripts/UserControlSystem/UI/Model/UIModelInstaller.cs
  artifactKey: Guid(b99c41e13e5d4bc69af2196d211358b8) Importer(815301076,1909f56bfc062723c751e8b465ee728b)
Start importing Assets/Scripts/UserControlSystem/UI/Model/UIModelInstaller.cs using Guid(b99c41e13e5d4bc69af2196d211358b8) Importer(815301076,1909f56bfc062723c751e8b465ee728b)  -> (artifact id: 'fddfde517d289bfe9864615a706637d1') in 0.040625 seconds 
========================================================================
Received Prepare
Registering precompiled user dll's ...
Registered in 0.034992 seconds.
Begin MonoManager ReloadAssembly
Native extension for LinuxStandalone target not found
Native extension for WindowsStandalone target not found
Native extension for OSXStandalone target not found
Refreshing native plugins compatible for Editor in 1.60 ms, found 2 plugins.
Preloading 0 native plugins for Editor in 0.00 ms.
Mono: successfully reloaded assembly
- Completed reload, in  6.439 seconds
Domain Reload Profiling:
	ReloadAssembly (6446ms)
		BeginReloadAssembly (884ms)
			ExecutionOrderSort (0ms)
			DisableScriptedObjects (118ms)
			BackupInstance (0ms)
			ReleaseScriptingObjects (0ms)
			CreateAndSetChildDomain (163ms)
		EndReloadAssembly (5032ms)
			LoadAssemblies (890ms)
			RebuildTransferFunctionScriptingTraits (0ms)
			SetupTypeCache (1925ms)
			ReleaseScriptCaches (3ms)
			RebuildScriptCaches (181ms)
			SetupLoadedEditorAssemblies (1734ms)
				LogAssemblyErrors (0ms)
				InitializePlatformSupportModulesInManaged (77ms)
				SetLoadedEditorAssemblies (3ms)
				RefreshPlugins (2ms)
				BeforeProcessingInitializeOnLoad (415ms)
				ProcessInitializeOnLoadAttributes (1161ms)
				ProcessInitializeOnLoadMethodAttributes (41ms)
				AfterProcessingInitializeOnLoad (33ms)
				EditorAssembliesLoaded (1ms)
			ExecutionOrderSort2 (0ms)
			AwakeInstancesAfterBackupRestoration (22ms)
Platform modules already initialized, skipping
Refreshing native plugins compatible for Editor in 1.69 ms, found 2 plugins.
Preloading 0 native plugins for Editor in 0.00 ms.
Unloading 2184 Unused Serialized files (Serialized files now loaded: 0)
System memory in use before: 113.2 MB.
System memory in use after: 113.4 MB.

Unloading 17 unused Assets to reduce memory usage. Loaded Objects now: 2670.
Total: 10.699500 ms (FindLiveObjects: 0.660800 ms CreateObjectMapping: 0.264800 ms MarkObjects: 9.692300 ms  DeleteObjects: 0.078500 ms)

AssetImportParameters requested are different than current active one (requested -> active):
  custom:framework-win-MediaFoundation: 216162199b28c13a410421893ffa2e32 -> 
  custom:video-decoder-ogg-theora: a1e56fd34408186e4bbccfd4996cb3dc -> 
  custom:container-muxer-webm: aa71ff27fc2769a1b78a27578f13a17b -> 
  custom:container-demuxer-webm: 4f35f7cbe854078d1ac9338744f61a02 -> 
  custom:container-demuxer-ogg: 62fdf1f143b41e24485cea50d1cbac27 -> 
  custom:video-encoder-webm-vp8: eb34c28f22e8b96e1ab97ce403110664 -> 
  custom:video-decoder-webm-vp8: 9c59270c3fd7afecdb556c50c9e8de78 -> 
  custom:audio-decoder-ogg-vorbis: bf7c407c2cedff20999df2af8eb42d56 -> 
  custom:audio-encoder-webm-vorbis: bf7c407c2cedff20999df2af8eb42d56 -> 
========================================================================
Received Prepare
Registering precompiled user dll's ...
Registered in 0.036069 seconds.
Begin MonoManager ReloadAssembly
Native extension for LinuxStandalone target not found
Native extension for WindowsStandalone target not found
Native extension for OSXStandalone target not found
Refreshing native plugins compatible for Editor in 1.75 ms, found 2 plugins.
Preloading 0 native plugins for Editor in 0.00 ms.
Mono: successfully reloaded assembly
- Completed reload, in  8.130 seconds
Domain Reload Profiling:
	ReloadAssembly (8132ms)
		BeginReloadAssembly (735ms)
			ExecutionOrderSort (0ms)
			DisableScriptedObjects (17ms)
			BackupInstance (0ms)
			ReleaseScriptingObjects (0ms)
			CreateAndSetChildDomain (215ms)
		EndReloadAssembly (5876ms)
			LoadAssemblies (1284ms)
			RebuildTransferFunctionScriptingTraits (0ms)
			SetupTypeCache (2170ms)
			ReleaseScriptCaches (3ms)
			RebuildScriptCaches (246ms)
			SetupLoadedEditorAssemblies (1717ms)
				LogAssemblyErrors (0ms)
				InitializePlatformSupportModulesInManaged (53ms)
				SetLoadedEditorAssemblies (2ms)
				RefreshPlugins (2ms)
				BeforeProcessingInitializeOnLoad (506ms)
				ProcessInitializeOnLoadAttributes (1082ms)
				ProcessInitializeOnLoadMethodAttributes (40ms)
				AfterProcessingInitializeOnLoad (32ms)
				EditorAssembliesLoaded (1ms)
			ExecutionOrderSort2 (0ms)
			AwakeInstancesAfterBackupRestoration (26ms)
Platform modules already initialized, skipping
Refreshing native plugins compatible for Editor in 2.07 ms, found 2 plugins.
Preloading 0 native plugins for Editor in 0.00 ms.
Unloading 2184 Unused Serialized files (Serialized files now loaded: 0)
System memory in use before: 113.2 MB.
System memory in use after: 113.4 MB.

Unloading 16 unused Assets to reduce memory usage. Loaded Objects now: 2672.
Total: 12.546400 ms (FindLiveObjects: 0.695900 ms CreateObjectMapping: 0.274800 ms MarkObjects: 11.500400 ms  DeleteObjects: 0.071800 ms)

AssetImportParameters requested are different than current active one (requested -> active):
  custom:framework-win-MediaFoundation: 216162199b28c13a410421893ffa2e32 -> 
  custom:video-decoder-ogg-theora: a1e56fd34408186e4bbccfd4996cb3dc -> 
  custom:container-muxer-webm: aa71ff27fc2769a1b78a27578f13a17b -> 
  custom:container-demuxer-webm: 4f35f7cbe854078d1ac9338744f61a02 -> 
  custom:container-demuxer-ogg: 62fdf1f143b41e24485cea50d1cbac27 -> 
  custom:video-encoder-webm-vp8: eb34c28f22e8b96e1ab97ce403110664 -> 
  custom:video-decoder-webm-vp8: 9c59270c3fd7afecdb556c50c9e8de78 -> 
  custom:audio-decoder-ogg-vorbis: bf7c407c2cedff20999df2af8eb42d56 -> 
  custom:audio-encoder-webm-vorbis: bf7c407c2cedff20999df2af8eb42d56 -> 
========================================================================
Received Prepare
Registering precompiled user dll's ...
Registered in 0.019191 seconds.
Begin MonoManager ReloadAssembly
Native extension for LinuxStandalone target not found
Native extension for WindowsStandalone target not found
Native extension for OSXStandalone target not found
Refreshing native plugins compatible for Editor in 1.57 ms, found 2 plugins.
Preloading 0 native plugins for Editor in 0.00 ms.
Mono: successfully reloaded assembly
- Completed reload, in  4.279 seconds
Domain Reload Profiling:
	ReloadAssembly (4281ms)
		BeginReloadAssembly (672ms)
			ExecutionOrderSort (0ms)
			DisableScriptedObjects (13ms)
			BackupInstance (0ms)
			ReleaseScriptingObjects (0ms)
			CreateAndSetChildDomain (224ms)
		EndReloadAssembly (3142ms)
			LoadAssemblies (687ms)
			RebuildTransferFunctionScriptingTraits (0ms)
			SetupTypeCache (1084ms)
			ReleaseScriptCaches (2ms)
			RebuildScriptCaches (140ms)
			SetupLoadedEditorAssemblies (1112ms)
				LogAssemblyErrors (0ms)
				InitializePlatformSupportModulesInManaged (36ms)
				SetLoadedEditorAssemblies (2ms)
				RefreshPlugins (2ms)
				BeforeProcessingInitializeOnLoad (283ms)
				ProcessInitializeOnLoadAttributes (682ms)
				ProcessInitializeOnLoadMethodAttributes (45ms)
				AfterProcessingInitializeOnLoad (62ms)
				EditorAssembliesLoaded (2ms)
			ExecutionOrderSort2 (0ms)
			AwakeInstancesAfterBackupRestoration (33ms)
Platform modules already initialized, skipping
Refreshing native plugins compatible for Editor in 1.22 ms, found 2 plugins.
Preloading 0 native plugins for Editor in 0.00 ms.
Unloading 2184 Unused Serialized files (Serialized files now loaded: 0)
System memory in use before: 113.2 MB.
System memory in use after: 113.3 MB.

Unloading 16 unused Assets to reduce memory usage. Loaded Objects now: 2674.
Total: 6.720500 ms (FindLiveObjects: 0.425400 ms CreateObjectMapping: 0.180800 ms MarkObjects: 6.055900 ms  DeleteObjects: 0.055600 ms)

AssetImportParameters requested are different than current active one (requested -> active):
  custom:framework-win-MediaFoundation: 216162199b28c13a410421893ffa2e32 -> 
  custom:video-decoder-ogg-theora: a1e56fd34408186e4bbccfd4996cb3dc -> 
  custom:container-muxer-webm: aa71ff27fc2769a1b78a27578f13a17b -> 
  custom:container-demuxer-webm: 4f35f7cbe854078d1ac9338744f61a02 -> 
  custom:container-demuxer-ogg: 62fdf1f143b41e24485cea50d1cbac27 -> 
  custom:video-encoder-webm-vp8: eb34c28f22e8b96e1ab97ce403110664 -> 
  custom:video-decoder-webm-vp8: 9c59270c3fd7afecdb556c50c9e8de78 -> 
  custom:audio-decoder-ogg-vorbis: bf7c407c2cedff20999df2af8eb42d56 -> 
  custom:audio-encoder-webm-vorbis: bf7c407c2cedff20999df2af8eb42d56 -> 
========================================================================
Received Import Request.
  Time since last request: 838.367444 seconds.
  path: Assets/Scripts/UserControlSystem/UI/Presenter/CommandButtonsPresenter.cs
  artifactKey: Guid(37468374e7cf4a9989ea25c57767147c) Importer(815301076,1909f56bfc062723c751e8b465ee728b)
Start importing Assets/Scripts/UserControlSystem/UI/Presenter/CommandButtonsPresenter.cs using Guid(37468374e7cf4a9989ea25c57767147c) Importer(815301076,1909f56bfc062723c751e8b465ee728b)  -> (artifact id: '03c0aa5d16c52f601c79fed4542edf53') in 0.018935 seconds 
========================================================================
Received Import Request.
  Time since last request: 7.320603 seconds.
  path: Assets/Scripts/UserControlSystem/UI/View/CommandButtonsView.cs
  artifactKey: Guid(acf2fc69b2614d21a16177382b33c00f) Importer(815301076,1909f56bfc062723c751e8b465ee728b)
Start importing Assets/Scripts/UserControlSystem/UI/View/CommandButtonsView.cs using Guid(acf2fc69b2614d21a16177382b33c00f) Importer(815301076,1909f56bfc062723c751e8b465ee728b)  -> (artifact id: '373082f34cf0730622504f0c2e809c22') in 0.011406 seconds 
========================================================================
Received Import Request.
  Time since last request: 30.504745 seconds.
  path: Assets/Scripts/Abstractions/Commands/CommandExecutorBase.cs
  artifactKey: Guid(131246729dbb44a08a502eee8604b617) Importer(815301076,1909f56bfc062723c751e8b465ee728b)
Start importing Assets/Scripts/Abstractions/Commands/CommandExecutorBase.cs using Guid(131246729dbb44a08a502eee8604b617) Importer(815301076,1909f56bfc062723c751e8b465ee728b)  -> (artifact id: 'af8dae4cbb27b9129af62a103de0dae7') in 0.026534 seconds 
========================================================================
Received Import Request.
  Time since last request: 33.126522 seconds.
  path: Assets/Scripts/UserControlSystem/UI/Model/CommandCreator/ProduceUnitCommandCommandCreator.cs
  artifactKey: Guid(7a59a48d99ae465997a64bf64707478f) Importer(815301076,1909f56bfc062723c751e8b465ee728b)
Start importing Assets/Scripts/UserControlSystem/UI/Model/CommandCreator/ProduceUnitCommandCommandCreator.cs using Guid(7a59a48d99ae465997a64bf64707478f) Importer(815301076,1909f56bfc062723c751e8b465ee728b)  -> (artifact id: 'e4b3064587e0d6851ca74a4b6a202050') in 0.015116 seconds 
========================================================================
Received Import Request.
  Time since last request: 285.510075 seconds.
  path: Assets/Scripts/Abstractions/Commands/CommandExecutors/MoveCommandExecutor.cs
  artifactKey: Guid(6af92d6ab7956334e81326ac2a9dd441) Importer(815301076,1909f56bfc062723c751e8b465ee728b)
Start importing Assets/Scripts/Abstractions/Commands/CommandExecutors/MoveCommandExecutor.cs using Guid(6af92d6ab7956334e81326ac2a9dd441) Importer(815301076,1909f56bfc062723c751e8b465ee728b)  -> (artifact id: '5ba2726cf3038641d435a26781f3b8c2') in 0.021481 seconds 
========================================================================
Received Import Request.
  Time since last request: 195.155197 seconds.
  path: Assets/Scripts/Abstractions/Commands/CommandExecutors/MoveCommandExecutor.cs
  artifactKey: Guid(6af92d6ab7956334e81326ac2a9dd441) Importer(815301076,1909f56bfc062723c751e8b465ee728b)
Start importing Assets/Scripts/Abstractions/Commands/CommandExecutors/MoveCommandExecutor.cs using Guid(6af92d6ab7956334e81326ac2a9dd441) Importer(815301076,1909f56bfc062723c751e8b465ee728b)  -> (artifact id: 'e1a757ebd721ef1a5b430b192563b82d') in 0.126401 seconds 
========================================================================
Received Import Request.
  Time since last request: 111.886755 seconds.
  path: Assets/Scripts/Abstractions/Commands/CommandsInterfaces/IMoveCommand.cs
  artifactKey: Guid(35da2608a396452e9c7cbd821caed4c1) Importer(815301076,1909f56bfc062723c751e8b465ee728b)
Start importing Assets/Scripts/Abstractions/Commands/CommandsInterfaces/IMoveCommand.cs using Guid(35da2608a396452e9c7cbd821caed4c1) Importer(815301076,1909f56bfc062723c751e8b465ee728b)  -> (artifact id: 'bdba3f0d538abbdba1c4018a7d5a6a43') in 0.027466 seconds 
========================================================================
Received Prepare
Registering precompiled user dll's ...
Registered in 0.044720 seconds.
Begin MonoManager ReloadAssembly
Native extension for LinuxStandalone target not found
Native extension for WindowsStandalone target not found
Native extension for OSXStandalone target not found
Refreshing native plugins compatible for Editor in 5.08 ms, found 2 plugins.
Preloading 0 native plugins for Editor in 0.00 ms.
Mono: successfully reloaded assembly
- Completed reload, in  3.943 seconds
Domain Reload Profiling:
	ReloadAssembly (3945ms)
		BeginReloadAssembly (395ms)
			ExecutionOrderSort (0ms)
			DisableScriptedObjects (20ms)
			BackupInstance (0ms)
			ReleaseScriptingObjects (0ms)
			CreateAndSetChildDomain (107ms)
		EndReloadAssembly (3322ms)
			LoadAssemblies (368ms)
			RebuildTransferFunctionScriptingTraits (0ms)
			SetupTypeCache (1144ms)
			ReleaseScriptCaches (3ms)
			RebuildScriptCaches (153ms)
			SetupLoadedEditorAssemblies (1262ms)
				LogAssemblyErrors (0ms)
				InitializePlatformSupportModulesInManaged (41ms)
				SetLoadedEditorAssemblies (2ms)
				RefreshPlugins (5ms)
				BeforeProcessingInitializeOnLoad (413ms)
				ProcessInitializeOnLoadAttributes (741ms)
				ProcessInitializeOnLoadMethodAttributes (31ms)
				AfterProcessingInitializeOnLoad (29ms)
				EditorAssembliesLoaded (1ms)
			ExecutionOrderSort2 (0ms)
			AwakeInstancesAfterBackupRestoration (23ms)
Platform modules already initialized, skipping
Refreshing native plugins compatible for Editor in 3.24 ms, found 2 plugins.
Preloading 0 native plugins for Editor in 0.00 ms.
Unloading 2184 Unused Serialized files (Serialized files now loaded: 0)
System memory in use before: 113.3 MB.
System memory in use after: 113.4 MB.

Unloading 16 unused Assets to reduce memory usage. Loaded Objects now: 2676.
Total: 8.070800 ms (FindLiveObjects: 0.469300 ms CreateObjectMapping: 0.179800 ms MarkObjects: 7.346800 ms  DeleteObjects: 0.071200 ms)

AssetImportParameters requested are different than current active one (requested -> active):
  custom:framework-win-MediaFoundation: 216162199b28c13a410421893ffa2e32 -> 
  custom:video-decoder-ogg-theora: a1e56fd34408186e4bbccfd4996cb3dc -> 
  custom:container-muxer-webm: aa71ff27fc2769a1b78a27578f13a17b -> 
  custom:container-demuxer-webm: 4f35f7cbe854078d1ac9338744f61a02 -> 
  custom:container-demuxer-ogg: 62fdf1f143b41e24485cea50d1cbac27 -> 
  custom:video-encoder-webm-vp8: eb34c28f22e8b96e1ab97ce403110664 -> 
  custom:video-decoder-webm-vp8: 9c59270c3fd7afecdb556c50c9e8de78 -> 
  custom:audio-decoder-ogg-vorbis: bf7c407c2cedff20999df2af8eb42d56 -> 
  custom:audio-encoder-webm-vorbis: bf7c407c2cedff20999df2af8eb42d56 -> 
========================================================================
Received Prepare
Registering precompiled user dll's ...
Registered in 0.018447 seconds.
Begin MonoManager ReloadAssembly
Native extension for LinuxStandalone target not found
Native extension for WindowsStandalone target not found
Native extension for OSXStandalone target not found
Refreshing native plugins compatible for Editor in 1.44 ms, found 2 plugins.
Preloading 0 native plugins for Editor in 0.00 ms.
Mono: successfully reloaded assembly
- Completed reload, in  3.700 seconds
Domain Reload Profiling:
	ReloadAssembly (3703ms)
		BeginReloadAssembly (354ms)
			ExecutionOrderSort (0ms)
			DisableScriptedObjects (13ms)
			BackupInstance (0ms)
			ReleaseScriptingObjects (0ms)
			CreateAndSetChildDomain (95ms)
		EndReloadAssembly (3104ms)
			LoadAssemblies (371ms)
			RebuildTransferFunctionScriptingTraits (0ms)
			SetupTypeCache (958ms)
			ReleaseScriptCaches (2ms)
			RebuildScriptCaches (151ms)
			SetupLoadedEditorAssemblies (1208ms)
				LogAssemblyErrors (0ms)
				InitializePlatformSupportModulesInManaged (31ms)
				SetLoadedEditorAssemblies (2ms)
				RefreshPlugins (2ms)
				BeforeProcessingInitializeOnLoad (298ms)
				ProcessInitializeOnLoadAttributes (825ms)
				ProcessInitializeOnLoadMethodAttributes (26ms)
				AfterProcessingInitializeOnLoad (23ms)
				EditorAssembliesLoaded (1ms)
			ExecutionOrderSort2 (0ms)
			AwakeInstancesAfterBackupRestoration (19ms)
Platform modules already initialized, skipping
Refreshing native plugins compatible for Editor in 1.35 ms, found 2 plugins.
Preloading 0 native plugins for Editor in 0.00 ms.
Unloading 2184 Unused Serialized files (Serialized files now loaded: 0)
System memory in use before: 113.3 MB.
System memory in use after: 113.4 MB.

Unloading 16 unused Assets to reduce memory usage. Loaded Objects now: 2678.
Total: 7.500500 ms (FindLiveObjects: 0.459800 ms CreateObjectMapping: 0.179500 ms MarkObjects: 6.783400 ms  DeleteObjects: 0.075000 ms)

AssetImportParameters requested are different than current active one (requested -> active):
  custom:framework-win-MediaFoundation: 216162199b28c13a410421893ffa2e32 -> 
  custom:video-decoder-ogg-theora: a1e56fd34408186e4bbccfd4996cb3dc -> 
  custom:container-muxer-webm: aa71ff27fc2769a1b78a27578f13a17b -> 
  custom:container-demuxer-webm: 4f35f7cbe854078d1ac9338744f61a02 -> 
  custom:container-demuxer-ogg: 62fdf1f143b41e24485cea50d1cbac27 -> 
  custom:video-encoder-webm-vp8: eb34c28f22e8b96e1ab97ce403110664 -> 
  custom:video-decoder-webm-vp8: 9c59270c3fd7afecdb556c50c9e8de78 -> 
  custom:audio-decoder-ogg-vorbis: bf7c407c2cedff20999df2af8eb42d56 -> 
  custom:audio-encoder-webm-vorbis: bf7c407c2cedff20999df2af8eb42d56 -> 
========================================================================
Received Prepare
Registering precompiled user dll's ...
Registered in 0.033327 seconds.
Begin MonoManager ReloadAssembly
Native extension for LinuxStandalone target not found
Native extension for WindowsStandalone target not found
Native extension for OSXStandalone target not found
Refreshing native plugins compatible for Editor in 1.56 ms, found 2 plugins.
Preloading 0 native plugins for Editor in 0.00 ms.
Mono: successfully reloaded assembly
- Completed reload, in  4.724 seconds
Domain Reload Profiling:
	ReloadAssembly (4732ms)
		BeginReloadAssembly (672ms)
			ExecutionOrderSort (0ms)
			DisableScriptedObjects (46ms)
			BackupInstance (0ms)
			ReleaseScriptingObjects (0ms)
			CreateAndSetChildDomain (133ms)
		EndReloadAssembly (3777ms)
			LoadAssemblies (567ms)
			RebuildTransferFunctionScriptingTraits (0ms)
			SetupTypeCache (1279ms)
			ReleaseScriptCaches (4ms)
			RebuildScriptCaches (174ms)
			SetupLoadedEditorAssemblies (1332ms)
				LogAssemblyErrors (0ms)
				InitializePlatformSupportModulesInManaged (33ms)
				SetLoadedEditorAssemblies (2ms)
				RefreshPlugins (2ms)
				BeforeProcessingInitializeOnLoad (392ms)
				ProcessInitializeOnLoadAttributes (837ms)
				ProcessInitializeOnLoadMethodAttributes (34ms)
				AfterProcessingInitializeOnLoad (30ms)
				EditorAssembliesLoaded (1ms)
			ExecutionOrderSort2 (0ms)
			AwakeInstancesAfterBackupRestoration (26ms)
Platform modules already initialized, skipping
Refreshing native plugins compatible for Editor in 1.62 ms, found 2 plugins.
Preloading 0 native plugins for Editor in 0.00 ms.
Unloading 2184 Unused Serialized files (Serialized files now loaded: 0)
System memory in use before: 113.3 MB.
System memory in use after: 113.4 MB.

Unloading 16 unused Assets to reduce memory usage. Loaded Objects now: 2680.
Total: 7.971700 ms (FindLiveObjects: 0.497500 ms CreateObjectMapping: 0.221200 ms MarkObjects: 7.186100 ms  DeleteObjects: 0.063700 ms)

AssetImportParameters requested are different than current active one (requested -> active):
  custom:framework-win-MediaFoundation: 216162199b28c13a410421893ffa2e32 -> 
  custom:video-decoder-ogg-theora: a1e56fd34408186e4bbccfd4996cb3dc -> 
  custom:container-muxer-webm: aa71ff27fc2769a1b78a27578f13a17b -> 
  custom:container-demuxer-webm: 4f35f7cbe854078d1ac9338744f61a02 -> 
  custom:container-demuxer-ogg: 62fdf1f143b41e24485cea50d1cbac27 -> 
  custom:video-encoder-webm-vp8: eb34c28f22e8b96e1ab97ce403110664 -> 
  custom:video-decoder-webm-vp8: 9c59270c3fd7afecdb556c50c9e8de78 -> 
  custom:audio-decoder-ogg-vorbis: bf7c407c2cedff20999df2af8eb42d56 -> 
  custom:audio-encoder-webm-vorbis: bf7c407c2cedff20999df2af8eb42d56 -> 
========================================================================
Received Prepare
Registering precompiled user dll's ...
Registered in 0.105244 seconds.
Begin MonoManager ReloadAssembly
Native extension for LinuxStandalone target not found
Native extension for WindowsStandalone target not found
Native extension for OSXStandalone target not found
Refreshing native plugins compatible for Editor in 1.50 ms, found 2 plugins.
Preloading 0 native plugins for Editor in 0.00 ms.
Mono: successfully reloaded assembly
- Completed reload, in  5.307 seconds
Domain Reload Profiling:
	ReloadAssembly (5309ms)
		BeginReloadAssembly (1390ms)
			ExecutionOrderSort (0ms)
			DisableScriptedObjects (41ms)
			BackupInstance (0ms)
			ReleaseScriptingObjects (0ms)
			CreateAndSetChildDomain (125ms)
		EndReloadAssembly (3686ms)
			LoadAssemblies (1914ms)
			RebuildTransferFunctionScriptingTraits (1ms)
			SetupTypeCache (1064ms)
			ReleaseScriptCaches (2ms)
			RebuildScriptCaches (162ms)
			SetupLoadedEditorAssemblies (1112ms)
				LogAssemblyErrors (0ms)
				InitializePlatformSupportModulesInManaged (32ms)
				SetLoadedEditorAssemblies (1ms)
				RefreshPlugins (2ms)
				BeforeProcessingInitializeOnLoad (283ms)
				ProcessInitializeOnLoadAttributes (721ms)
				ProcessInitializeOnLoadMethodAttributes (44ms)
				AfterProcessingInitializeOnLoad (29ms)
				EditorAssembliesLoaded (1ms)
			ExecutionOrderSort2 (0ms)
			AwakeInstancesAfterBackupRestoration (22ms)
Platform modules already initialized, skipping
Refreshing native plugins compatible for Editor in 2.25 ms, found 2 plugins.
Preloading 0 native plugins for Editor in 0.00 ms.
Unloading 2184 Unused Serialized files (Serialized files now loaded: 0)
System memory in use before: 113.3 MB.
System memory in use after: 113.4 MB.

Unloading 16 unused Assets to reduce memory usage. Loaded Objects now: 2682.
Total: 8.320600 ms (FindLiveObjects: 0.503900 ms CreateObjectMapping: 0.204800 ms MarkObjects: 7.531000 ms  DeleteObjects: 0.077600 ms)

AssetImportParameters requested are different than current active one (requested -> active):
  custom:framework-win-MediaFoundation: 216162199b28c13a410421893ffa2e32 -> 
  custom:video-decoder-ogg-theora: a1e56fd34408186e4bbccfd4996cb3dc -> 
  custom:container-muxer-webm: aa71ff27fc2769a1b78a27578f13a17b -> 
  custom:container-demuxer-webm: 4f35f7cbe854078d1ac9338744f61a02 -> 
  custom:container-demuxer-ogg: 62fdf1f143b41e24485cea50d1cbac27 -> 
  custom:video-encoder-webm-vp8: eb34c28f22e8b96e1ab97ce403110664 -> 
  custom:video-decoder-webm-vp8: 9c59270c3fd7afecdb556c50c9e8de78 -> 
  custom:audio-decoder-ogg-vorbis: bf7c407c2cedff20999df2af8eb42d56 -> 
  custom:audio-encoder-webm-vorbis: bf7c407c2cedff20999df2af8eb42d56 -> 
